2024-07-09 11:24:38,369 [Worker-5: Loading available Gradle versions] INFO  o.e.b.c.i.u.g.PublishedGradleVersions - Gradle version information cache is up-to-date. Trying to read.
2024-07-09 11:27:25,387 [Worker-2: Loading available Gradle versions] INFO  o.e.b.c.i.u.g.PublishedGradleVersions - Gradle version information cache is up-to-date. Trying to read.
2024-07-10 17:21:35,951 [Worker-2: Loading available Gradle versions] INFO  o.e.b.c.i.u.g.PublishedGradleVersions - Gradle version information cache is out-of-date. Trying to update.
2024-07-26 16:30:26,823 [Worker-4: Loading available Gradle versions] INFO  o.e.b.c.i.u.g.PublishedGradleVersions - Gradle version information cache is up-to-date. Trying to read.
2024-07-26 16:31:07,881 [Worker-3: Building] INFO  o.e.m.c.i.l.LifecycleMappingFactory - Using org.eclipse.m2e.jdt.JarLifecycleMapping lifecycle mapping for MavenProject: ECMS:NewECMS:0.0.1-SNAPSHOT @ C:\Users\Ranu Tiwari\ankitacode\pom.xml.
2024-07-26 16:31:09,955 [Worker-3: Building] INFO  o.e.m.c.i.e.AbstractTransferListenerAdapter - Downloading https://repo.maven.apache.org/maven2/org/bouncycastle/bcprov-jdk15on/1.66/bcprov-jdk15on-1.66.pom
2024-07-26 16:31:09,966 [Worker-3: Building] INFO  o.e.m.c.i.e.AbstractTransferListenerAdapter - Downloaded https://repo.maven.apache.org/maven2/org/bouncycastle/bcprov-jdk15on/1.66/bcprov-jdk15on-1.66.pom
2024-07-26 16:31:09,977 [Worker-3: Building] WARN  o.e.m.c.i.embedder.EclipseLogger - The POM for Selenium_Introduction:SeleniumIntro:jar:0.0.1-SNAPSHOT is missing, no dependency information available
2024-07-26 16:31:09,991 [Worker-3: Building] INFO  o.e.m.c.i.e.AbstractTransferListenerAdapter - Downloading https://repo.maven.apache.org/maven2/com/aventstack/extentreports/5.1.2/extentreports-5.1.2.pom
2024-07-26 16:31:09,999 [Worker-3: Building] INFO  o.e.m.c.i.e.AbstractTransferListenerAdapter - Downloaded https://repo.maven.apache.org/maven2/com/aventstack/extentreports/5.1.2/extentreports-5.1.2.pom
2024-07-26 16:31:10,138 [Worker-3: Building] INFO  o.e.m.c.i.e.AbstractTransferListenerAdapter - Downloading https://repo.maven.apache.org/maven2/org/freemarker/freemarker/2.3.33/freemarker-2.3.33.pom
2024-07-26 16:31:10,142 [Worker-3: Building] INFO  o.e.m.c.i.e.AbstractTransferListenerAdapter - Downloaded https://repo.maven.apache.org/maven2/org/freemarker/freemarker/2.3.33/freemarker-2.3.33.pom
2024-07-26 16:31:10,160 [Worker-3: Building] WARN  o.e.m.c.i.embedder.EclipseLogger - The artifact org.apache.commons:commons-io:jar:1.3.2 has been relocated to commons-io:commons-io:jar:1.3.2: https://issues.sonatype.org/browse/MVNCENTRAL-244
2024-07-26 16:31:10,243 [Worker-3: Building] INFO  o.e.m.c.i.e.AbstractTransferListenerAdapter - Downloading https://repo.maven.apache.org/maven2/org/bouncycastle/bcprov-jdk15on/1.66/bcprov-jdk15on-1.66.jar
2024-07-26 16:31:12,083 [Worker-3: Building] INFO  o.e.m.c.i.e.AbstractTransferListenerAdapter - Downloaded https://repo.maven.apache.org/maven2/org/bouncycastle/bcprov-jdk15on/1.66/bcprov-jdk15on-1.66.jar
2024-07-26 16:31:12,098 [BasicRepositoryConnector-repo.maven.apache.org-0-0] INFO  o.e.m.c.i.e.AbstractTransferListenerAdapter - Downloading https://repo.maven.apache.org/maven2/com/aventstack/extentreports/5.1.2/extentreports-5.1.2.jar
2024-07-26 16:31:12,140 [BasicRepositoryConnector-repo.maven.apache.org-0-1] INFO  o.e.m.c.i.e.AbstractTransferListenerAdapter - Downloading https://repo.maven.apache.org/maven2/org/freemarker/freemarker/2.3.33/freemarker-2.3.33.jar
2024-07-26 16:31:12,534 [BasicRepositoryConnector-repo.maven.apache.org-0-0] INFO  o.e.m.c.i.e.AbstractTransferListenerAdapter - Downloaded https://repo.maven.apache.org/maven2/com/aventstack/extentreports/5.1.2/extentreports-5.1.2.jar
2024-07-26 16:31:13,019 [BasicRepositoryConnector-repo.maven.apache.org-0-1] INFO  o.e.m.c.i.e.AbstractTransferListenerAdapter - Downloaded https://repo.maven.apache.org/maven2/org/freemarker/freemarker/2.3.33/freemarker-2.3.33.jar
2024-07-26 16:31:13,786 [Worker-3: Building] INFO  o.e.m.c.i.embedder.EclipseLogger - Using 'UTF-8' encoding to copy filtered resources.
2024-07-26 16:31:13,786 [Worker-3: Building] INFO  o.e.m.c.i.embedder.EclipseLogger - skip non existing resourceDirectory C:\Users\Ranu Tiwari\ankitacode\src\main\resources
2024-07-26 16:31:13,790 [Worker-3: Building] INFO  o.e.m.c.i.embedder.EclipseLogger - Using 'UTF-8' encoding to copy filtered resources.
2024-07-26 16:31:13,790 [Worker-3: Building] INFO  o.e.m.c.i.embedder.EclipseLogger - skip non existing resourceDirectory C:\Users\Ranu Tiwari\ankitacode\src\test\resources
2024-07-26 16:31:14,483 [Worker-6: Download sources and javadoc] INFO  o.e.m.c.i.e.AbstractTransferListenerAdapter - Downloading https://repo.maven.apache.org/maven2/org/bouncycastle/bcprov-jdk15on/1.66/bcprov-jdk15on-1.66-sources.jar
2024-07-26 16:31:15,716 [Worker-6: Download sources and javadoc] INFO  o.e.m.c.i.e.AbstractTransferListenerAdapter - Downloaded https://repo.maven.apache.org/maven2/org/bouncycastle/bcprov-jdk15on/1.66/bcprov-jdk15on-1.66-sources.jar
2024-07-26 16:31:15,721 [Worker-6: Download sources and javadoc] INFO  o.e.m.j.internal.DownloadSourcesJob - Downloaded sources for org.bouncycastle:bcprov-jdk15on:1.66
2024-07-26 16:31:15,727 [Worker-6: Download sources and javadoc] ERROR o.e.m.j.internal.DownloadSourcesJob - Could not download sources for Selenium_Introduction:SeleniumIntro:0.0.1-SNAPSHOT
org.eclipse.core.runtime.CoreException: Could not resolve artifact Selenium_Introduction:SeleniumIntro:jar:sources:0.0.1-SNAPSHOT
	at org.eclipse.m2e.core.internal.embedder.MavenImpl.lambda$6(MavenImpl.java:584)
	at org.eclipse.m2e.core.internal.embedder.MavenExecutionContext.executeBare(MavenExecutionContext.java:394)
	at org.eclipse.m2e.core.internal.embedder.MavenExecutionContext.execute(MavenExecutionContext.java:228)
	at org.eclipse.m2e.core.internal.embedder.MavenExecutionContext.execute(MavenExecutionContext.java:214)
	at org.eclipse.m2e.core.internal.embedder.MavenImpl.resolve(MavenImpl.java:553)
	at org.eclipse.m2e.core.internal.embedder.MavenImpl.resolve(MavenImpl.java:538)
	at org.eclipse.m2e.jdt.internal.DownloadSourcesJob.download(DownloadSourcesJob.java:308)
	at org.eclipse.m2e.jdt.internal.DownloadSourcesJob.downloadAttachments(DownloadSourcesJob.java:282)
	at org.eclipse.m2e.jdt.internal.DownloadSourcesJob.downloadMaven(DownloadSourcesJob.java:252)
	at org.eclipse.m2e.jdt.internal.DownloadSourcesJob.downloadFilesAndPopulateToUpdate(DownloadSourcesJob.java:220)
	at org.eclipse.m2e.jdt.internal.DownloadSourcesJob.lambda$0(DownloadSourcesJob.java:149)
	at org.eclipse.m2e.core.internal.embedder.MavenExecutionContext.executeBare(MavenExecutionContext.java:394)
	at org.eclipse.m2e.core.internal.embedder.MavenExecutionContext.execute(MavenExecutionContext.java:275)
	at org.eclipse.m2e.core.internal.embedder.MavenExecutionContext.execute(MavenExecutionContext.java:214)
	at org.eclipse.m2e.core.embedder.IMaven.execute(IMaven.java:294)
	at org.eclipse.m2e.jdt.internal.DownloadSourcesJob.run(DownloadSourcesJob.java:149)
	at org.eclipse.core.internal.jobs.Worker.run(Worker.java:63)
2024-07-26 16:31:15,781 [Worker-6: Download sources and javadoc] INFO  o.e.m.c.i.e.AbstractTransferListenerAdapter - Downloading https://repo.maven.apache.org/maven2/com/aventstack/extentreports/5.1.2/extentreports-5.1.2-sources.jar
2024-07-26 16:31:16,075 [Worker-6: Download sources and javadoc] INFO  o.e.m.c.i.e.AbstractTransferListenerAdapter - Downloaded https://repo.maven.apache.org/maven2/com/aventstack/extentreports/5.1.2/extentreports-5.1.2-sources.jar
2024-07-26 16:31:16,079 [Worker-6: Download sources and javadoc] INFO  o.e.m.j.internal.DownloadSourcesJob - Downloaded sources for com.aventstack:extentreports:5.1.2
2024-07-26 16:31:16,163 [Worker-6: Download sources and javadoc] INFO  o.e.m.c.i.e.AbstractTransferListenerAdapter - Downloading https://repo.maven.apache.org/maven2/org/freemarker/freemarker/2.3.33/freemarker-2.3.33-sources.jar
2024-07-26 16:31:16,656 [Worker-6: Download sources and javadoc] INFO  o.e.m.c.i.e.AbstractTransferListenerAdapter - Downloaded https://repo.maven.apache.org/maven2/org/freemarker/freemarker/2.3.33/freemarker-2.3.33-sources.jar
2024-07-26 16:31:16,659 [Worker-6: Download sources and javadoc] INFO  o.e.m.j.internal.DownloadSourcesJob - Downloaded sources for org.freemarker:freemarker:2.3.33
2024-07-26 16:32:20,791 [Worker-15: Building] INFO  o.e.m.c.i.l.LifecycleMappingFactory - Using org.eclipse.m2e.jdt.JarLifecycleMapping lifecycle mapping for MavenProject: ECMS:NewECMS:0.0.1-SNAPSHOT @ C:\Users\Ranu Tiwari\ankitacode\pom.xml.
2024-07-26 16:32:20,936 [Worker-15: Building] WARN  o.e.m.c.i.embedder.EclipseLogger - The POM for Selenium_Introduction:SeleniumIntro:jar:0.0.1-SNAPSHOT is missing, no dependency information available
2024-07-26 16:32:20,957 [Worker-15: Building] WARN  o.e.m.c.i.embedder.EclipseLogger - The artifact org.apache.commons:commons-io:jar:1.3.2 has been relocated to commons-io:commons-io:jar:1.3.2: https://issues.sonatype.org/browse/MVNCENTRAL-244
2024-07-26 16:32:21,142 [Worker-15: Building] INFO  o.e.m.c.i.embedder.EclipseLogger - Using 'UTF-8' encoding to copy filtered resources.
2024-07-26 16:32:21,142 [Worker-15: Building] INFO  o.e.m.c.i.embedder.EclipseLogger - skip non existing resourceDirectory C:\Users\Ranu Tiwari\ankitacode\src\main\resources
2024-07-26 16:32:21,145 [Worker-15: Building] INFO  o.e.m.c.i.embedder.EclipseLogger - Using 'UTF-8' encoding to copy filtered resources.
2024-07-26 16:32:21,146 [Worker-15: Building] INFO  o.e.m.c.i.embedder.EclipseLogger - skip non existing resourceDirectory C:\Users\Ranu Tiwari\ankitacode\src\test\resources
2024-07-26 16:32:22,025 [Worker-14: Download sources and javadoc] ERROR o.e.m.j.internal.DownloadSourcesJob - Could not download javadoc for Selenium_Introduction:SeleniumIntro:0.0.1-SNAPSHOT
org.eclipse.core.runtime.CoreException: Could not resolve artifact Selenium_Introduction:SeleniumIntro:jar:javadoc:0.0.1-SNAPSHOT
	at org.eclipse.m2e.core.internal.embedder.MavenImpl.lambda$6(MavenImpl.java:584)
	at org.eclipse.m2e.core.internal.embedder.MavenExecutionContext.executeBare(MavenExecutionContext.java:394)
	at org.eclipse.m2e.core.internal.embedder.MavenExecutionContext.execute(MavenExecutionContext.java:228)
	at org.eclipse.m2e.core.internal.embedder.MavenExecutionContext.execute(MavenExecutionContext.java:214)
	at org.eclipse.m2e.core.internal.embedder.MavenImpl.resolve(MavenImpl.java:553)
	at org.eclipse.m2e.core.internal.embedder.MavenImpl.resolve(MavenImpl.java:538)
	at org.eclipse.m2e.jdt.internal.DownloadSourcesJob.download(DownloadSourcesJob.java:308)
	at org.eclipse.m2e.jdt.internal.DownloadSourcesJob.downloadAttachments(DownloadSourcesJob.java:294)
	at org.eclipse.m2e.jdt.internal.DownloadSourcesJob.downloadMaven(DownloadSourcesJob.java:252)
	at org.eclipse.m2e.jdt.internal.DownloadSourcesJob.downloadFilesAndPopulateToUpdate(DownloadSourcesJob.java:220)
	at org.eclipse.m2e.jdt.internal.DownloadSourcesJob.lambda$0(DownloadSourcesJob.java:149)
	at org.eclipse.m2e.core.internal.embedder.MavenExecutionContext.executeBare(MavenExecutionContext.java:394)
	at org.eclipse.m2e.core.internal.embedder.MavenExecutionContext.execute(MavenExecutionContext.java:275)
	at org.eclipse.m2e.core.internal.embedder.MavenExecutionContext.execute(MavenExecutionContext.java:214)
	at org.eclipse.m2e.core.embedder.IMaven.execute(IMaven.java:294)
	at org.eclipse.m2e.jdt.internal.DownloadSourcesJob.run(DownloadSourcesJob.java:149)
	at org.eclipse.core.internal.jobs.Worker.run(Worker.java:63)
2024-07-26 16:34:57,225 [Worker-16: Building] ERROR o.e.m.c.i.p.r.ProjectRegistryManager - Could not read pom.xml
org.eclipse.core.runtime.CoreException: Could not read pom.xml
	at org.eclipse.m2e.core.internal.IMavenToolbox.readModel(IMavenToolbox.java:236)
	at org.eclipse.m2e.core.internal.project.registry.ProjectRegistryManager.refreshPhase2(ProjectRegistryManager.java:587)
	at org.eclipse.m2e.core.internal.project.registry.ProjectRegistryManager.refresh(ProjectRegistryManager.java:487)
	at org.eclipse.m2e.core.internal.project.registry.ProjectRegistryManager.refresh(ProjectRegistryManager.java:366)
	at org.eclipse.m2e.core.internal.project.registry.ProjectRegistryManager.refresh(ProjectRegistryManager.java:318)
	at org.eclipse.m2e.core.internal.builder.MavenBuilder$BuildMethod.getProjectFacade(MavenBuilder.java:146)
	at org.eclipse.m2e.core.internal.builder.MavenBuilder$BuildMethod.lambda$0(MavenBuilder.java:84)
	at org.eclipse.m2e.core.internal.embedder.MavenExecutionContext.executeBare(MavenExecutionContext.java:394)
	at org.eclipse.m2e.core.internal.embedder.MavenExecutionContext.execute(MavenExecutionContext.java:275)
	at org.eclipse.m2e.core.internal.embedder.MavenExecutionContext.execute(MavenExecutionContext.java:214)
	at org.eclipse.m2e.core.internal.builder.MavenBuilder$BuildMethod.execute(MavenBuilder.java:83)
	at org.eclipse.m2e.core.internal.builder.MavenBuilder.build(MavenBuilder.java:192)
	at org.eclipse.core.internal.events.BuildManager$2.run(BuildManager.java:1079)
	at org.eclipse.core.runtime.SafeRunner.run(SafeRunner.java:47)
	at org.eclipse.core.internal.events.BuildManager.basicBuild(BuildManager.java:296)
	at org.eclipse.core.internal.events.BuildManager.basicBuild(BuildManager.java:352)
	at org.eclipse.core.internal.events.BuildManager$1.run(BuildManager.java:441)
	at org.eclipse.core.runtime.SafeRunner.run(SafeRunner.java:47)
	at org.eclipse.core.internal.events.BuildManager.basicBuild(BuildManager.java:444)
	at org.eclipse.core.internal.events.BuildManager.basicBuildLoop(BuildManager.java:555)
	at org.eclipse.core.internal.events.BuildManager.basicBuildLoop(BuildManager.java:503)
	at org.eclipse.core.internal.events.BuildManager.build(BuildManager.java:585)
	at org.eclipse.core.internal.events.AutoBuildJob.doBuild(AutoBuildJob.java:207)
	at org.eclipse.core.internal.events.AutoBuildJob.run(AutoBuildJob.java:300)
	at org.eclipse.core.internal.jobs.Worker.run(Worker.java:63)
Caused by: org.apache.maven.model.io.ModelParseException: end tag name </dependency> must match start tag name <dependencies> from line 21 (position: TEXT seen ...</dependency>\r\n\r\n\t</dependency>... @73:15) 
	at org.apache.maven.model.io.DefaultModelReader.read(DefaultModelReader.java:96)
	at org.apache.maven.model.io.DefaultModelReader.read(DefaultModelReader.java:74)
	at org.eclipse.m2e.core.internal.IMavenToolbox.readModel(IMavenToolbox.java:234)
	... 24 common frames omitted
Caused by: org.codehaus.plexus.util.xml.pull.XmlPullParserException: end tag name </dependency> must match start tag name <dependencies> from line 21 (position: TEXT seen ...</dependency>\r\n\r\n\t</dependency>... @73:15) 
	at org.codehaus.plexus.util.xml.pull.MXParser.parseEndTag(MXParser.java:2151)
	at org.codehaus.plexus.util.xml.pull.MXParser.nextImpl(MXParser.java:1418)
	at org.codehaus.plexus.util.xml.pull.MXParser.next(MXParser.java:1375)
	at org.codehaus.plexus.util.xml.pull.MXParser.nextTag(MXParser.java:1360)
	at org.apache.maven.model.io.xpp3.MavenXpp3Reader.parseModel(MavenXpp3Reader.java:2317)
	at org.apache.maven.model.io.xpp3.MavenXpp3Reader.read(MavenXpp3Reader.java:623)
	at org.apache.maven.model.io.xpp3.MavenXpp3Reader.read(MavenXpp3Reader.java:654)
	at org.apache.maven.model.io.DefaultModelReader.read(DefaultModelReader.java:93)
	... 26 common frames omitted
2024-07-26 16:45:39,810 [main] INFO  o.e.m2e.actions.ExecutePomAction - Creating new launch configuration
2024-07-26 16:45:40,121 [main] ERROR o.e.m.c.i.p.r.ProjectRegistryManager - Failed to read Maven project: Some problems were encountered while processing the POMs:
[FATAL] Non-parseable POM C:\Users\Ranu Tiwari\ankitacode\pom.xml: end tag name </dependency> must match start tag name <dependencies> from line 21 (position: TEXT seen ...</dependency>\r\n\r\n\t</dependency>... @73:15)  @ line 73, column 15

org.apache.maven.project.ProjectBuildingException: Some problems were encountered while processing the POMs:
[FATAL] Non-parseable POM C:\Users\Ranu Tiwari\ankitacode\pom.xml: end tag name </dependency> must match start tag name <dependencies> from line 21 (position: TEXT seen ...</dependency>\r\n\r\n\t</dependency>... @73:15)  @ line 73, column 15

	at org.eclipse.m2e.core.internal.IMavenToolbox.readMavenProjects(IMavenToolbox.java:131)
	at org.eclipse.m2e.core.internal.project.registry.ProjectRegistryManager.lambda$22(ProjectRegistryManager.java:939)
	at org.eclipse.m2e.core.internal.embedder.MavenExecutionContext.executeBare(MavenExecutionContext.java:394)
	at org.eclipse.m2e.core.internal.embedder.MavenExecutionContext.execute(MavenExecutionContext.java:275)
	at org.eclipse.m2e.core.internal.embedder.MavenExecutionContext.execute(MavenExecutionContext.java:214)
	at org.eclipse.m2e.core.internal.project.registry.ProjectRegistryManager.readProjectsWithDependencies(ProjectRegistryManager.java:935)
	at org.eclipse.m2e.core.internal.project.registry.ProjectRegistryManager.create(ProjectRegistryManager.java:219)
	at org.eclipse.m2e.core.internal.project.registry.MavenProjectManager.create(MavenProjectManager.java:105)
	at org.eclipse.m2e.internal.launch.MavenLaunchDelegate.readEnforcedJavaVersion(MavenLaunchDelegate.java:251)
	at org.eclipse.m2e.ui.internal.launch.MavenJRETab.getDefaultJREDescriptor(MavenJRETab.java:73)
	at org.eclipse.jdt.debug.ui.launchConfigurations.JavaJRETab.initializeFrom(JavaJRETab.java:197)
	at org.eclipse.m2e.ui.internal.launch.MavenJRETab.initializeFrom(MavenJRETab.java:158)
	at org.eclipse.debug.ui.AbstractLaunchConfigurationTabGroup.initializeFrom(AbstractLaunchConfigurationTabGroup.java:93)
	at org.eclipse.debug.internal.ui.launchConfigurations.LaunchConfigurationTabGroupWrapper.initializeFrom(LaunchConfigurationTabGroupWrapper.java:182)
	at org.eclipse.debug.internal.ui.launchConfigurations.LaunchConfigurationTabGroupViewer.displayInstanceTabs(LaunchConfigurationTabGroupViewer.java:867)
	at org.eclipse.debug.internal.ui.launchConfigurations.LaunchConfigurationTabGroupViewer.lambda$4(LaunchConfigurationTabGroupViewer.java:731)
	at org.eclipse.swt.custom.BusyIndicator.showWhile(BusyIndicator.java:67)
	at org.eclipse.debug.internal.ui.launchConfigurations.LaunchConfigurationTabGroupViewer.inputChanged(LaunchConfigurationTabGroupViewer.java:746)
	at org.eclipse.debug.internal.ui.launchConfigurations.LaunchConfigurationTabGroupViewer.setInput0(LaunchConfigurationTabGroupViewer.java:684)
	at org.eclipse.debug.internal.ui.launchConfigurations.LaunchConfigurationTabGroupViewer.setInput(LaunchConfigurationTabGroupViewer.java:664)
	at org.eclipse.debug.internal.ui.launchConfigurations.LaunchConfigurationPropertiesDialog.initializeContent(LaunchConfigurationPropertiesDialog.java:99)
	at org.eclipse.debug.internal.ui.launchConfigurations.LaunchConfigurationsDialog.createContents(LaunchConfigurationsDialog.java:474)
	at org.eclipse.jface.window.Window.create(Window.java:431)
	at org.eclipse.jface.dialogs.Dialog.create(Dialog.java:1094)
	at org.eclipse.debug.internal.ui.launchConfigurations.LaunchConfigurationsDialog.create(LaunchConfigurationsDialog.java:379)
	at org.eclipse.jface.window.Window.open(Window.java:788)
	at org.eclipse.debug.internal.ui.launchConfigurations.LaunchConfigurationsDialog.open(LaunchConfigurationsDialog.java:1240)
	at org.eclipse.debug.internal.ui.launchConfigurations.LaunchConfigurationPropertiesDialog.open(LaunchConfigurationPropertiesDialog.java:184)
	at org.eclipse.debug.ui.DebugUITools.openLaunchConfigurationDialog(DebugUITools.java:711)
	at org.eclipse.m2e.actions.ExecutePomAction.launch(ExecutePomAction.java:130)
	at org.eclipse.m2e.actions.ExecutePomAction.launch(ExecutePomAction.java:101)
	at org.eclipse.debug.internal.ui.launchConfigurations.LaunchShortcutExtension.launch(LaunchShortcutExtension.java:426)
	at org.eclipse.debug.internal.ui.actions.LaunchShortcutAction.runInternal(LaunchShortcutAction.java:99)
	at org.eclipse.debug.internal.ui.actions.LaunchShortcutAction.runWithEvent(LaunchShortcutAction.java:146)
	at org.eclipse.jface.action.ActionContributionItem.handleWidgetSelection(ActionContributionItem.java:580)
	at org.eclipse.jface.action.ActionContributionItem.lambda$4(ActionContributionItem.java:414)
	at org.eclipse.swt.widgets.EventTable.sendEvent(EventTable.java:89)
	at org.eclipse.swt.widgets.Display.sendEvent(Display.java:4273)
	at org.eclipse.swt.widgets.Widget.sendEvent(Widget.java:1066)
	at org.eclipse.swt.widgets.Widget.sendEvent(Widget.java:1090)
	at org.eclipse.swt.widgets.Widget.sendEvent(Widget.java:1075)
	at org.eclipse.swt.widgets.Widget.notifyListeners(Widget.java:778)
	at org.eclipse.jface.action.ActionContributionItem.lambda$8(ActionContributionItem.java:1206)
	at org.eclipse.swt.widgets.EventTable.sendEvent(EventTable.java:89)
	at org.eclipse.swt.widgets.Display.sendEvent(Display.java:4273)
	at org.eclipse.swt.widgets.Widget.sendEvent(Widget.java:1066)
	at org.eclipse.swt.widgets.Display.runDeferredEvents(Display.java:4071)
	at org.eclipse.swt.widgets.Display.readAndDispatch(Display.java:3659)
	at org.eclipse.e4.ui.internal.workbench.swt.PartRenderingEngine$5.run(PartRenderingEngine.java:1155)
	at org.eclipse.core.databinding.observable.Realm.runWithDefault(Realm.java:342)
	at org.eclipse.e4.ui.internal.workbench.swt.PartRenderingEngine.run(PartRenderingEngine.java:1046)
	at org.eclipse.e4.ui.internal.workbench.E4Workbench.createAndRunUI(E4Workbench.java:155)
	at org.eclipse.ui.internal.Workbench.lambda$3(Workbench.java:648)
	at org.eclipse.core.databinding.observable.Realm.runWithDefault(Realm.java:342)
	at org.eclipse.ui.internal.Workbench.createAndRunWorkbench(Workbench.java:555)
	at org.eclipse.ui.PlatformUI.createAndRunWorkbench(PlatformUI.java:173)
	at org.eclipse.ui.internal.ide.application.IDEApplication.start(IDEApplication.java:152)
	at org.eclipse.equinox.internal.app.EclipseAppHandle.run(EclipseAppHandle.java:208)
	at org.eclipse.core.runtime.internal.adaptor.EclipseAppLauncher.runApplication(EclipseAppLauncher.java:136)
	at org.eclipse.core.runtime.internal.adaptor.EclipseAppLauncher.start(EclipseAppLauncher.java:104)
	at org.eclipse.core.runtime.adaptor.EclipseStarter.run(EclipseStarter.java:402)
	at org.eclipse.core.runtime.adaptor.EclipseStarter.run(EclipseStarter.java:255)
	at java.base/jdk.internal.reflect.NativeMethodAccessorImpl.invoke0(Native Method)
	at java.base/jdk.internal.reflect.NativeMethodAccessorImpl.invoke(NativeMethodAccessorImpl.java:77)
	at java.base/jdk.internal.reflect.DelegatingMethodAccessorImpl.invoke(DelegatingMethodAccessorImpl.java:43)
	at java.base/java.lang.reflect.Method.invoke(Method.java:568)
	at org.eclipse.equinox.launcher.Main.invokeFramework(Main.java:651)
	at org.eclipse.equinox.launcher.Main.basicRun(Main.java:588)
	at org.eclipse.equinox.launcher.Main.run(Main.java:1459)
2024-07-26 16:45:48,232 [Worker-22: Launching Executing clean in C__Users_Ranu Tiwari_ankitacode] INFO  o.eclipse.m2e.core.internal.Bundles - getClasspathEntries(Bundle=org.eclipse.m2e.maven.runtime_3.9.500.20231113-2345 [297])
2024-07-26 16:45:48,233 [Worker-22: Launching Executing clean in C__Users_Ranu Tiwari_ankitacode] INFO  o.eclipse.m2e.core.internal.Bundles - 	Entry: C:\Users\Ranu Tiwari\.p2\pool\plugins\org.eclipse.m2e.maven.runtime_3.9.500.20231113-2345
2024-07-26 16:45:48,234 [Worker-22: Launching Executing clean in C__Users_Ranu Tiwari_ankitacode] INFO  o.eclipse.m2e.core.internal.Bundles - 	Entry: C:\Users\Ranu Tiwari\.p2\pool\plugins\org.eclipse.m2e.maven.runtime_3.9.500.20231113-2345\jars\aopalliance-1.0.jar
2024-07-26 16:45:48,234 [Worker-22: Launching Executing clean in C__Users_Ranu Tiwari_ankitacode] INFO  o.eclipse.m2e.core.internal.Bundles - 	Entry: C:\Users\Ranu Tiwari\.p2\pool\plugins\org.eclipse.m2e.maven.runtime_3.9.500.20231113-2345\jars\guice-5.1.0.jar
2024-07-26 16:45:48,234 [Worker-22: Launching Executing clean in C__Users_Ranu Tiwari_ankitacode] INFO  o.eclipse.m2e.core.internal.Bundles - 	Entry: C:\Users\Ranu Tiwari\.p2\pool\plugins\org.eclipse.m2e.maven.runtime_3.9.500.20231113-2345\jars\httpclient-4.5.14.jar
2024-07-26 16:45:48,234 [Worker-22: Launching Executing clean in C__Users_Ranu Tiwari_ankitacode] INFO  o.eclipse.m2e.core.internal.Bundles - 	Entry: C:\Users\Ranu Tiwari\.p2\pool\plugins\org.eclipse.m2e.maven.runtime_3.9.500.20231113-2345\jars\httpcore-4.4.16.jar
2024-07-26 16:45:48,234 [Worker-22: Launching Executing clean in C__Users_Ranu Tiwari_ankitacode] INFO  o.eclipse.m2e.core.internal.Bundles - 	Entry: C:\Users\Ranu Tiwari\.p2\pool\plugins\org.eclipse.m2e.maven.runtime_3.9.500.20231113-2345\jars\jansi-2.4.0.jar
2024-07-26 16:45:48,234 [Worker-22: Launching Executing clean in C__Users_Ranu Tiwari_ankitacode] INFO  o.eclipse.m2e.core.internal.Bundles - 	Entry: C:\Users\Ranu Tiwari\.p2\pool\plugins\org.eclipse.m2e.maven.runtime_3.9.500.20231113-2345\jars\jcl-over-slf4j-1.7.36.jar
2024-07-26 16:45:48,234 [Worker-22: Launching Executing clean in C__Users_Ranu Tiwari_ankitacode] INFO  o.eclipse.m2e.core.internal.Bundles - 	Entry: C:\Users\Ranu Tiwari\.p2\pool\plugins\org.eclipse.m2e.maven.runtime_3.9.500.20231113-2345\jars\maven-artifact-3.9.5.jar
2024-07-26 16:45:48,235 [Worker-22: Launching Executing clean in C__Users_Ranu Tiwari_ankitacode] INFO  o.eclipse.m2e.core.internal.Bundles - 	Entry: C:\Users\Ranu Tiwari\.p2\pool\plugins\org.eclipse.m2e.maven.runtime_3.9.500.20231113-2345\jars\maven-builder-support-3.9.5.jar
2024-07-26 16:45:48,235 [Worker-22: Launching Executing clean in C__Users_Ranu Tiwari_ankitacode] INFO  o.eclipse.m2e.core.internal.Bundles - 	Entry: C:\Users\Ranu Tiwari\.p2\pool\plugins\org.eclipse.m2e.maven.runtime_3.9.500.20231113-2345\jars\maven-compat-3.9.5.jar
2024-07-26 16:45:48,235 [Worker-22: Launching Executing clean in C__Users_Ranu Tiwari_ankitacode] INFO  o.eclipse.m2e.core.internal.Bundles - 	Entry: C:\Users\Ranu Tiwari\.p2\pool\plugins\org.eclipse.m2e.maven.runtime_3.9.500.20231113-2345\jars\maven-core-3.9.5.jar
2024-07-26 16:45:48,235 [Worker-22: Launching Executing clean in C__Users_Ranu Tiwari_ankitacode] INFO  o.eclipse.m2e.core.internal.Bundles - 	Entry: C:\Users\Ranu Tiwari\.p2\pool\plugins\org.eclipse.m2e.maven.runtime_3.9.500.20231113-2345\jars\maven-embedder-3.9.5.jar
2024-07-26 16:45:48,235 [Worker-22: Launching Executing clean in C__Users_Ranu Tiwari_ankitacode] INFO  o.eclipse.m2e.core.internal.Bundles - 	Entry: C:\Users\Ranu Tiwari\.p2\pool\plugins\org.eclipse.m2e.maven.runtime_3.9.500.20231113-2345\jars\maven-model-3.9.5.jar
2024-07-26 16:45:48,235 [Worker-22: Launching Executing clean in C__Users_Ranu Tiwari_ankitacode] INFO  o.eclipse.m2e.core.internal.Bundles - 	Entry: C:\Users\Ranu Tiwari\.p2\pool\plugins\org.eclipse.m2e.maven.runtime_3.9.500.20231113-2345\jars\maven-model-builder-3.9.5.jar
2024-07-26 16:45:48,235 [Worker-22: Launching Executing clean in C__Users_Ranu Tiwari_ankitacode] INFO  o.eclipse.m2e.core.internal.Bundles - 	Entry: C:\Users\Ranu Tiwari\.p2\pool\plugins\org.eclipse.m2e.maven.runtime_3.9.500.20231113-2345\jars\maven-plugin-api-3.9.5.jar
2024-07-26 16:45:48,235 [Worker-22: Launching Executing clean in C__Users_Ranu Tiwari_ankitacode] INFO  o.eclipse.m2e.core.internal.Bundles - 	Entry: C:\Users\Ranu Tiwari\.p2\pool\plugins\org.eclipse.m2e.maven.runtime_3.9.500.20231113-2345\jars\maven-repository-metadata-3.9.5.jar
2024-07-26 16:45:48,235 [Worker-22: Launching Executing clean in C__Users_Ranu Tiwari_ankitacode] INFO  o.eclipse.m2e.core.internal.Bundles - 	Entry: C:\Users\Ranu Tiwari\.p2\pool\plugins\org.eclipse.m2e.maven.runtime_3.9.500.20231113-2345\jars\maven-resolver-api-1.9.16.jar
2024-07-26 16:45:48,235 [Worker-22: Launching Executing clean in C__Users_Ranu Tiwari_ankitacode] INFO  o.eclipse.m2e.core.internal.Bundles - 	Entry: C:\Users\Ranu Tiwari\.p2\pool\plugins\org.eclipse.m2e.maven.runtime_3.9.500.20231113-2345\jars\maven-resolver-connector-basic-1.9.16.jar
2024-07-26 16:45:48,236 [Worker-22: Launching Executing clean in C__Users_Ranu Tiwari_ankitacode] INFO  o.eclipse.m2e.core.internal.Bundles - 	Entry: C:\Users\Ranu Tiwari\.p2\pool\plugins\org.eclipse.m2e.maven.runtime_3.9.500.20231113-2345\jars\maven-resolver-impl-1.9.16.jar
2024-07-26 16:45:48,236 [Worker-22: Launching Executing clean in C__Users_Ranu Tiwari_ankitacode] INFO  o.eclipse.m2e.core.internal.Bundles - 	Entry: C:\Users\Ranu Tiwari\.p2\pool\plugins\org.eclipse.m2e.maven.runtime_3.9.500.20231113-2345\jars\maven-resolver-named-locks-1.9.16.jar
2024-07-26 16:45:48,236 [Worker-22: Launching Executing clean in C__Users_Ranu Tiwari_ankitacode] INFO  o.eclipse.m2e.core.internal.Bundles - 	Entry: C:\Users\Ranu Tiwari\.p2\pool\plugins\org.eclipse.m2e.maven.runtime_3.9.500.20231113-2345\jars\maven-resolver-provider-3.9.5.jar
2024-07-26 16:45:48,236 [Worker-22: Launching Executing clean in C__Users_Ranu Tiwari_ankitacode] INFO  o.eclipse.m2e.core.internal.Bundles - 	Entry: C:\Users\Ranu Tiwari\.p2\pool\plugins\org.eclipse.m2e.maven.runtime_3.9.500.20231113-2345\jars\maven-resolver-spi-1.9.16.jar
2024-07-26 16:45:48,236 [Worker-22: Launching Executing clean in C__Users_Ranu Tiwari_ankitacode] INFO  o.eclipse.m2e.core.internal.Bundles - 	Entry: C:\Users\Ranu Tiwari\.p2\pool\plugins\org.eclipse.m2e.maven.runtime_3.9.500.20231113-2345\jars\maven-resolver-transport-file-1.9.16.jar
2024-07-26 16:45:48,236 [Worker-22: Launching Executing clean in C__Users_Ranu Tiwari_ankitacode] INFO  o.eclipse.m2e.core.internal.Bundles - 	Entry: C:\Users\Ranu Tiwari\.p2\pool\plugins\org.eclipse.m2e.maven.runtime_3.9.500.20231113-2345\jars\maven-resolver-transport-http-1.9.16.jar
2024-07-26 16:45:48,236 [Worker-22: Launching Executing clean in C__Users_Ranu Tiwari_ankitacode] INFO  o.eclipse.m2e.core.internal.Bundles - 	Entry: C:\Users\Ranu Tiwari\.p2\pool\plugins\org.eclipse.m2e.maven.runtime_3.9.500.20231113-2345\jars\maven-resolver-transport-wagon-1.9.16.jar
2024-07-26 16:45:48,236 [Worker-22: Launching Executing clean in C__Users_Ranu Tiwari_ankitacode] INFO  o.eclipse.m2e.core.internal.Bundles - 	Entry: C:\Users\Ranu Tiwari\.p2\pool\plugins\org.eclipse.m2e.maven.runtime_3.9.500.20231113-2345\jars\maven-resolver-util-1.9.16.jar
2024-07-26 16:45:48,236 [Worker-22: Launching Executing clean in C__Users_Ranu Tiwari_ankitacode] INFO  o.eclipse.m2e.core.internal.Bundles - 	Entry: C:\Users\Ranu Tiwari\.p2\pool\plugins\org.eclipse.m2e.maven.runtime_3.9.500.20231113-2345\jars\maven-settings-3.9.5.jar
2024-07-26 16:45:48,236 [Worker-22: Launching Executing clean in C__Users_Ranu Tiwari_ankitacode] INFO  o.eclipse.m2e.core.internal.Bundles - 	Entry: C:\Users\Ranu Tiwari\.p2\pool\plugins\org.eclipse.m2e.maven.runtime_3.9.500.20231113-2345\jars\maven-settings-builder-3.9.5.jar
2024-07-26 16:45:48,237 [Worker-22: Launching Executing clean in C__Users_Ranu Tiwari_ankitacode] INFO  o.eclipse.m2e.core.internal.Bundles - 	Entry: C:\Users\Ranu Tiwari\.p2\pool\plugins\org.eclipse.m2e.maven.runtime_3.9.500.20231113-2345\jars\maven-shared-utils-3.3.4.jar
2024-07-26 16:45:48,237 [Worker-22: Launching Executing clean in C__Users_Ranu Tiwari_ankitacode] INFO  o.eclipse.m2e.core.internal.Bundles - 	Entry: C:\Users\Ranu Tiwari\.p2\pool\plugins\org.eclipse.m2e.maven.runtime_3.9.500.20231113-2345\jars\org.eclipse.sisu.inject-0.3.5.jar
2024-07-26 16:45:48,237 [Worker-22: Launching Executing clean in C__Users_Ranu Tiwari_ankitacode] INFO  o.eclipse.m2e.core.internal.Bundles - 	Entry: C:\Users\Ranu Tiwari\.p2\pool\plugins\org.eclipse.m2e.maven.runtime_3.9.500.20231113-2345\jars\org.eclipse.sisu.plexus-0.3.5.jar
2024-07-26 16:45:48,237 [Worker-22: Launching Executing clean in C__Users_Ranu Tiwari_ankitacode] INFO  o.eclipse.m2e.core.internal.Bundles - 	Entry: C:\Users\Ranu Tiwari\.p2\pool\plugins\org.eclipse.m2e.maven.runtime_3.9.500.20231113-2345\jars\plexus-build-api-0.0.7.jar
2024-07-26 16:45:48,237 [Worker-22: Launching Executing clean in C__Users_Ranu Tiwari_ankitacode] INFO  o.eclipse.m2e.core.internal.Bundles - 	Entry: C:\Users\Ranu Tiwari\.p2\pool\plugins\org.eclipse.m2e.maven.runtime_3.9.500.20231113-2345\jars\plexus-cipher-2.0.jar
2024-07-26 16:45:48,237 [Worker-22: Launching Executing clean in C__Users_Ranu Tiwari_ankitacode] INFO  o.eclipse.m2e.core.internal.Bundles - 	Entry: C:\Users\Ranu Tiwari\.p2\pool\plugins\org.eclipse.m2e.maven.runtime_3.9.500.20231113-2345\jars\plexus-classworlds-2.7.0.jar
2024-07-26 16:45:48,237 [Worker-22: Launching Executing clean in C__Users_Ranu Tiwari_ankitacode] INFO  o.eclipse.m2e.core.internal.Bundles - 	Entry: C:\Users\Ranu Tiwari\.p2\pool\plugins\org.eclipse.m2e.maven.runtime_3.9.500.20231113-2345\jars\plexus-component-annotations-2.1.0.jar
2024-07-26 16:45:48,237 [Worker-22: Launching Executing clean in C__Users_Ranu Tiwari_ankitacode] INFO  o.eclipse.m2e.core.internal.Bundles - 	Entry: C:\Users\Ranu Tiwari\.p2\pool\plugins\org.eclipse.m2e.maven.runtime_3.9.500.20231113-2345\jars\plexus-interpolation-1.26.jar
2024-07-26 16:45:48,237 [Worker-22: Launching Executing clean in C__Users_Ranu Tiwari_ankitacode] INFO  o.eclipse.m2e.core.internal.Bundles - 	Entry: C:\Users\Ranu Tiwari\.p2\pool\plugins\org.eclipse.m2e.maven.runtime_3.9.500.20231113-2345\jars\plexus-sec-dispatcher-2.0.jar
2024-07-26 16:45:48,237 [Worker-22: Launching Executing clean in C__Users_Ranu Tiwari_ankitacode] INFO  o.eclipse.m2e.core.internal.Bundles - 	Entry: C:\Users\Ranu Tiwari\.p2\pool\plugins\org.eclipse.m2e.maven.runtime_3.9.500.20231113-2345\jars\plexus-utils-3.5.1.jar
2024-07-26 16:45:48,237 [Worker-22: Launching Executing clean in C__Users_Ranu Tiwari_ankitacode] INFO  o.eclipse.m2e.core.internal.Bundles - 	Entry: C:\Users\Ranu Tiwari\.p2\pool\plugins\org.eclipse.m2e.maven.runtime_3.9.500.20231113-2345\jars\wagon-file-3.5.3.jar
2024-07-26 16:45:48,237 [Worker-22: Launching Executing clean in C__Users_Ranu Tiwari_ankitacode] INFO  o.eclipse.m2e.core.internal.Bundles - 	Entry: C:\Users\Ranu Tiwari\.p2\pool\plugins\org.eclipse.m2e.maven.runtime_3.9.500.20231113-2345\jars\wagon-http-3.5.3.jar
2024-07-26 16:45:48,238 [Worker-22: Launching Executing clean in C__Users_Ranu Tiwari_ankitacode] INFO  o.eclipse.m2e.core.internal.Bundles - 	Entry: C:\Users\Ranu Tiwari\.p2\pool\plugins\org.eclipse.m2e.maven.runtime_3.9.500.20231113-2345\jars\wagon-http-shared-3.5.3.jar
2024-07-26 16:45:48,238 [Worker-22: Launching Executing clean in C__Users_Ranu Tiwari_ankitacode] INFO  o.eclipse.m2e.core.internal.Bundles - 	Entry: C:\Users\Ranu Tiwari\.p2\pool\plugins\org.eclipse.m2e.maven.runtime_3.9.500.20231113-2345\jars\wagon-provider-api-3.5.3.jar
2024-07-26 16:45:48,239 [Worker-22: Launching Executing clean in C__Users_Ranu Tiwari_ankitacode] INFO  o.eclipse.m2e.core.internal.Bundles - getClasspathEntries(Bundle=com.google.guava_32.1.3.jre [10])
2024-07-26 16:45:48,239 [Worker-22: Launching Executing clean in C__Users_Ranu Tiwari_ankitacode] INFO  o.eclipse.m2e.core.internal.Bundles - 	Entry: C:\Users\Ranu Tiwari\.p2\pool\plugins\com.google.guava_32.1.3.jre.jar
2024-07-26 16:45:48,239 [Worker-22: Launching Executing clean in C__Users_Ranu Tiwari_ankitacode] INFO  o.eclipse.m2e.core.internal.Bundles - getClasspathEntries(Bundle=slf4j.api_2.0.13 [575])
2024-07-26 16:45:48,240 [Worker-22: Launching Executing clean in C__Users_Ranu Tiwari_ankitacode] INFO  o.eclipse.m2e.core.internal.Bundles - 	Entry: C:\Users\Ranu Tiwari\.p2\pool\plugins\slf4j.api_2.0.13.jar
2024-07-26 16:45:48,240 [Worker-22: Launching Executing clean in C__Users_Ranu Tiwari_ankitacode] INFO  o.eclipse.m2e.core.internal.Bundles - getClasspathEntries(Bundle=jakarta.inject.jakarta.inject-api_1.0.5 [22])
2024-07-26 16:45:48,240 [Worker-22: Launching Executing clean in C__Users_Ranu Tiwari_ankitacode] INFO  o.eclipse.m2e.core.internal.Bundles - 	Entry: C:\Users\Ranu Tiwari\.p2\pool\plugins\jakarta.inject.jakarta.inject-api_1.0.5.jar
2024-07-26 16:45:48,240 [Worker-22: Launching Executing clean in C__Users_Ranu Tiwari_ankitacode] INFO  o.eclipse.m2e.core.internal.Bundles - getClasspathEntries(Bundle=javax.annotation_1.3.5.v20200909-1856 [545])
2024-07-26 16:45:48,240 [Worker-22: Launching Executing clean in C__Users_Ranu Tiwari_ankitacode] INFO  o.eclipse.m2e.core.internal.Bundles - 	Entry: C:\Users\Ranu Tiwari\.p2\pool\plugins\javax.annotation_1.3.5.v20200909-1856.jar
2024-07-26 16:45:48,240 [Worker-22: Launching Executing clean in C__Users_Ranu Tiwari_ankitacode] INFO  o.eclipse.m2e.core.internal.Bundles - getClasspathEntries(Bundle=org.apache.commons.cli_1.6.0 [46])
2024-07-26 16:45:48,240 [Worker-22: Launching Executing clean in C__Users_Ranu Tiwari_ankitacode] INFO  o.eclipse.m2e.core.internal.Bundles - 	Entry: C:\Users\Ranu Tiwari\.p2\pool\plugins\org.apache.commons.cli_1.6.0.jar
2024-07-26 16:45:48,240 [Worker-22: Launching Executing clean in C__Users_Ranu Tiwari_ankitacode] INFO  o.eclipse.m2e.core.internal.Bundles - getClasspathEntries(Bundle=org.apache.commons.commons-codec_1.16.0 [48])
2024-07-26 16:45:48,240 [Worker-22: Launching Executing clean in C__Users_Ranu Tiwari_ankitacode] INFO  o.eclipse.m2e.core.internal.Bundles - 	Entry: C:\Users\Ranu Tiwari\.p2\pool\plugins\org.apache.commons.commons-codec_1.16.0.jar
2024-07-26 16:45:48,240 [Worker-22: Launching Executing clean in C__Users_Ranu Tiwari_ankitacode] INFO  o.eclipse.m2e.core.internal.Bundles - getClasspathEntries(Bundle=org.apache.commons.lang3_3.13.0 [53])
2024-07-26 16:45:48,241 [Worker-22: Launching Executing clean in C__Users_Ranu Tiwari_ankitacode] INFO  o.eclipse.m2e.core.internal.Bundles - 	Entry: C:\Users\Ranu Tiwari\.p2\pool\plugins\org.apache.commons.lang3_3.13.0.jar
2024-07-26 16:45:48,241 [Worker-22: Launching Executing clean in C__Users_Ranu Tiwari_ankitacode] INFO  o.eclipse.m2e.core.internal.Bundles - getClasspathEntries(Bundle=com.google.guava.failureaccess_1.0.2 [11])
2024-07-26 16:45:48,242 [Worker-22: Launching Executing clean in C__Users_Ranu Tiwari_ankitacode] INFO  o.eclipse.m2e.core.internal.Bundles - 	Entry: C:\Users\Ranu Tiwari\.p2\pool\plugins\com.google.guava.failureaccess_1.0.2.jar
2024-07-26 16:45:48,245 [Worker-22: Launching Executing clean in C__Users_Ranu Tiwari_ankitacode] INFO  o.e.m.i.launch.MavenLaunchDelegate - Run build in "C:\Users\Ranu Tiwari\ankitacode":
2024-07-26 16:45:48,250 [Worker-22: Launching Executing clean in C__Users_Ranu Tiwari_ankitacode] INFO  o.e.m.i.launch.MavenLaunchDelegate -  mvn  -B -Dstyle.color=always clean
2024-07-26 16:45:48,264 [Worker-22: Launching Executing clean in C__Users_Ranu Tiwari_ankitacode] ERROR o.e.m.c.i.p.r.ProjectRegistryManager - Failed to read Maven project: Some problems were encountered while processing the POMs:
[FATAL] Non-parseable POM C:\Users\Ranu Tiwari\ankitacode\pom.xml: end tag name </dependency> must match start tag name <dependencies> from line 21 (position: TEXT seen ...</dependency>\r\n\r\n\t</dependency>... @73:15)  @ line 73, column 15

org.apache.maven.project.ProjectBuildingException: Some problems were encountered while processing the POMs:
[FATAL] Non-parseable POM C:\Users\Ranu Tiwari\ankitacode\pom.xml: end tag name </dependency> must match start tag name <dependencies> from line 21 (position: TEXT seen ...</dependency>\r\n\r\n\t</dependency>... @73:15)  @ line 73, column 15

	at org.eclipse.m2e.core.internal.IMavenToolbox.readMavenProjects(IMavenToolbox.java:131)
	at org.eclipse.m2e.core.internal.project.registry.ProjectRegistryManager.lambda$22(ProjectRegistryManager.java:939)
	at org.eclipse.m2e.core.internal.embedder.MavenExecutionContext.executeBare(MavenExecutionContext.java:394)
	at org.eclipse.m2e.core.internal.embedder.MavenExecutionContext.execute(MavenExecutionContext.java:275)
	at org.eclipse.m2e.core.internal.embedder.MavenExecutionContext.execute(MavenExecutionContext.java:214)
	at org.eclipse.m2e.core.internal.project.registry.ProjectRegistryManager.readProjectsWithDependencies(ProjectRegistryManager.java:935)
	at org.eclipse.m2e.core.internal.project.registry.ProjectRegistryManager.create(ProjectRegistryManager.java:219)
	at org.eclipse.m2e.core.internal.project.registry.MavenProjectManager.create(MavenProjectManager.java:105)
	at org.eclipse.m2e.internal.launch.MavenLaunchDelegate.readEnforcedJavaVersion(MavenLaunchDelegate.java:251)
	at org.eclipse.m2e.internal.launch.MavenLaunchDelegate.getVMInstall(MavenLaunchDelegate.java:224)
	at org.eclipse.jdt.launching.AbstractJavaLaunchConfigurationDelegate.getBootpathExt(AbstractJavaLaunchConfigurationDelegate.java:363)
	at org.eclipse.jdt.launching.AbstractJavaLaunchConfigurationDelegate.getVMSpecificAttributesMap(AbstractJavaLaunchConfigurationDelegate.java:679)
	at org.eclipse.jdt.launching.JavaLaunchDelegate.getVMRunnerConfiguration(JavaLaunchDelegate.java:92)
	at org.eclipse.jdt.launching.JavaLaunchDelegate.launch(JavaLaunchDelegate.java:160)
	at org.eclipse.m2e.internal.launch.MavenLaunchDelegate.launch(MavenLaunchDelegate.java:133)
	at org.eclipse.debug.internal.core.LaunchConfiguration.launch(LaunchConfiguration.java:805)
	at org.eclipse.debug.internal.core.LaunchConfiguration.launch(LaunchConfiguration.java:716)
	at org.eclipse.debug.internal.ui.DebugUIPlugin.buildAndLaunch(DebugUIPlugin.java:1040)
	at org.eclipse.debug.internal.ui.DebugUIPlugin$1.run(DebugUIPlugin.java:1243)
	at org.eclipse.core.internal.jobs.Worker.run(Worker.java:63)
2024-07-26 16:45:48,269 [Worker-22: Launching Executing clean in C__Users_Ranu Tiwari_ankitacode] ERROR o.e.m.c.i.p.r.ProjectRegistryManager - Failed to read Maven project: Some problems were encountered while processing the POMs:
[FATAL] Non-parseable POM C:\Users\Ranu Tiwari\ankitacode\pom.xml: end tag name </dependency> must match start tag name <dependencies> from line 21 (position: TEXT seen ...</dependency>\r\n\r\n\t</dependency>... @73:15)  @ line 73, column 15

org.apache.maven.project.ProjectBuildingException: Some problems were encountered while processing the POMs:
[FATAL] Non-parseable POM C:\Users\Ranu Tiwari\ankitacode\pom.xml: end tag name </dependency> must match start tag name <dependencies> from line 21 (position: TEXT seen ...</dependency>\r\n\r\n\t</dependency>... @73:15)  @ line 73, column 15

	at org.eclipse.m2e.core.internal.IMavenToolbox.readMavenProjects(IMavenToolbox.java:131)
	at org.eclipse.m2e.core.internal.project.registry.ProjectRegistryManager.lambda$22(ProjectRegistryManager.java:939)
	at org.eclipse.m2e.core.internal.embedder.MavenExecutionContext.executeBare(MavenExecutionContext.java:394)
	at org.eclipse.m2e.core.internal.embedder.MavenExecutionContext.execute(MavenExecutionContext.java:275)
	at org.eclipse.m2e.core.internal.embedder.MavenExecutionContext.execute(MavenExecutionContext.java:214)
	at org.eclipse.m2e.core.internal.project.registry.ProjectRegistryManager.readProjectsWithDependencies(ProjectRegistryManager.java:935)
	at org.eclipse.m2e.core.internal.project.registry.ProjectRegistryManager.create(ProjectRegistryManager.java:219)
	at org.eclipse.m2e.core.internal.project.registry.MavenProjectManager.create(MavenProjectManager.java:105)
	at org.eclipse.m2e.internal.launch.MavenLaunchDelegate.readEnforcedJavaVersion(MavenLaunchDelegate.java:251)
	at org.eclipse.m2e.internal.launch.MavenLaunchDelegate.getVMInstall(MavenLaunchDelegate.java:224)
	at org.eclipse.jdt.launching.AbstractJavaLaunchConfigurationDelegate.verifyVMInstall(AbstractJavaLaunchConfigurationDelegate.java:203)
	at org.eclipse.jdt.launching.AbstractJavaLaunchConfigurationDelegate.getVMRunner(AbstractJavaLaunchConfigurationDelegate.java:1053)
	at org.eclipse.m2e.internal.launch.MavenLaunchDelegate.getVMRunner(MavenLaunchDelegate.java:154)
	at org.eclipse.jdt.launching.JavaLaunchDelegate.launch(JavaLaunchDelegate.java:175)
	at org.eclipse.m2e.internal.launch.MavenLaunchDelegate.launch(MavenLaunchDelegate.java:133)
	at org.eclipse.debug.internal.core.LaunchConfiguration.launch(LaunchConfiguration.java:805)
	at org.eclipse.debug.internal.core.LaunchConfiguration.launch(LaunchConfiguration.java:716)
	at org.eclipse.debug.internal.ui.DebugUIPlugin.buildAndLaunch(DebugUIPlugin.java:1040)
	at org.eclipse.debug.internal.ui.DebugUIPlugin$1.run(DebugUIPlugin.java:1243)
	at org.eclipse.core.internal.jobs.Worker.run(Worker.java:63)
2024-07-26 16:46:34,514 [Worker-14: reload maven project] ERROR o.e.m.c.i.p.r.ProjectRegistryManager - Failed to read Maven project: Some problems were encountered while processing the POMs:
[FATAL] Non-parseable POM C:\Users\Ranu Tiwari\ankitacode\pom.xml: end tag name </dependency> must match start tag name <dependencies> from line 21 (position: TEXT seen ...</dependency>\r\n\t</dependency>... @72:15)  @ line 72, column 15

org.apache.maven.project.ProjectBuildingException: Some problems were encountered while processing the POMs:
[FATAL] Non-parseable POM C:\Users\Ranu Tiwari\ankitacode\pom.xml: end tag name </dependency> must match start tag name <dependencies> from line 21 (position: TEXT seen ...</dependency>\r\n\t</dependency>... @72:15)  @ line 72, column 15

	at org.eclipse.m2e.core.internal.IMavenToolbox.readMavenProjects(IMavenToolbox.java:131)
	at org.eclipse.m2e.core.internal.project.registry.ProjectRegistryManager.lambda$22(ProjectRegistryManager.java:939)
	at org.eclipse.m2e.core.internal.embedder.MavenExecutionContext.executeBare(MavenExecutionContext.java:394)
	at org.eclipse.m2e.core.internal.embedder.MavenExecutionContext.execute(MavenExecutionContext.java:275)
	at org.eclipse.m2e.core.internal.embedder.MavenExecutionContext.execute(MavenExecutionContext.java:214)
	at org.eclipse.m2e.core.internal.project.registry.ProjectRegistryManager.readProjectsWithDependencies(ProjectRegistryManager.java:935)
	at org.eclipse.m2e.core.internal.project.registry.ProjectRegistryManager.create(ProjectRegistryManager.java:219)
	at org.eclipse.m2e.core.internal.project.registry.MavenProjectManager.create(MavenProjectManager.java:105)
	at org.eclipse.m2e.core.ui.internal.actions.SelectionUtil.getMavenProject(SelectionUtil.java:239)
	at org.eclipse.m2e.editor.pom.MavenPomEditor.readMavenProject(MavenPomEditor.java:709)
	at org.eclipse.m2e.editor.pom.MavenPomEditor$4.run(MavenPomEditor.java:1029)
	at org.eclipse.core.internal.jobs.Worker.run(Worker.java:63)
2024-07-26 16:46:34,675 [Worker-23: Building] ERROR o.e.m.c.i.p.r.ProjectRegistryManager - Could not read pom.xml
org.eclipse.core.runtime.CoreException: Could not read pom.xml
	at org.eclipse.m2e.core.internal.IMavenToolbox.readModel(IMavenToolbox.java:236)
	at org.eclipse.m2e.core.internal.project.registry.ProjectRegistryManager.refreshPhase2(ProjectRegistryManager.java:587)
	at org.eclipse.m2e.core.internal.project.registry.ProjectRegistryManager.refresh(ProjectRegistryManager.java:487)
	at org.eclipse.m2e.core.internal.project.registry.ProjectRegistryManager.refresh(ProjectRegistryManager.java:366)
	at org.eclipse.m2e.core.internal.project.registry.ProjectRegistryManager.refresh(ProjectRegistryManager.java:318)
	at org.eclipse.m2e.core.internal.builder.MavenBuilder$BuildMethod.getProjectFacade(MavenBuilder.java:146)
	at org.eclipse.m2e.core.internal.builder.MavenBuilder$BuildMethod.lambda$0(MavenBuilder.java:84)
	at org.eclipse.m2e.core.internal.embedder.MavenExecutionContext.executeBare(MavenExecutionContext.java:394)
	at org.eclipse.m2e.core.internal.embedder.MavenExecutionContext.execute(MavenExecutionContext.java:275)
	at org.eclipse.m2e.core.internal.embedder.MavenExecutionContext.execute(MavenExecutionContext.java:214)
	at org.eclipse.m2e.core.internal.builder.MavenBuilder$BuildMethod.execute(MavenBuilder.java:83)
	at org.eclipse.m2e.core.internal.builder.MavenBuilder.build(MavenBuilder.java:192)
	at org.eclipse.core.internal.events.BuildManager$2.run(BuildManager.java:1079)
	at org.eclipse.core.runtime.SafeRunner.run(SafeRunner.java:47)
	at org.eclipse.core.internal.events.BuildManager.basicBuild(BuildManager.java:296)
	at org.eclipse.core.internal.events.BuildManager.basicBuild(BuildManager.java:352)
	at org.eclipse.core.internal.events.BuildManager$1.run(BuildManager.java:441)
	at org.eclipse.core.runtime.SafeRunner.run(SafeRunner.java:47)
	at org.eclipse.core.internal.events.BuildManager.basicBuild(BuildManager.java:444)
	at org.eclipse.core.internal.events.BuildManager.basicBuildLoop(BuildManager.java:555)
	at org.eclipse.core.internal.events.BuildManager.basicBuildLoop(BuildManager.java:503)
	at org.eclipse.core.internal.events.BuildManager.build(BuildManager.java:585)
	at org.eclipse.core.internal.events.AutoBuildJob.doBuild(AutoBuildJob.java:207)
	at org.eclipse.core.internal.events.AutoBuildJob.run(AutoBuildJob.java:300)
	at org.eclipse.core.internal.jobs.Worker.run(Worker.java:63)
Caused by: org.apache.maven.model.io.ModelParseException: end tag name </dependency> must match start tag name <dependencies> from line 21 (position: TEXT seen ...</dependency>\r\n\t</dependency>... @72:15) 
	at org.apache.maven.model.io.DefaultModelReader.read(DefaultModelReader.java:96)
	at org.apache.maven.model.io.DefaultModelReader.read(DefaultModelReader.java:74)
	at org.eclipse.m2e.core.internal.IMavenToolbox.readModel(IMavenToolbox.java:234)
	... 24 common frames omitted
Caused by: org.codehaus.plexus.util.xml.pull.XmlPullParserException: end tag name </dependency> must match start tag name <dependencies> from line 21 (position: TEXT seen ...</dependency>\r\n\t</dependency>... @72:15) 
	at org.codehaus.plexus.util.xml.pull.MXParser.parseEndTag(MXParser.java:2151)
	at org.codehaus.plexus.util.xml.pull.MXParser.nextImpl(MXParser.java:1418)
	at org.codehaus.plexus.util.xml.pull.MXParser.next(MXParser.java:1375)
	at org.codehaus.plexus.util.xml.pull.MXParser.nextTag(MXParser.java:1360)
	at org.apache.maven.model.io.xpp3.MavenXpp3Reader.parseModel(MavenXpp3Reader.java:2317)
	at org.apache.maven.model.io.xpp3.MavenXpp3Reader.read(MavenXpp3Reader.java:623)
	at org.apache.maven.model.io.xpp3.MavenXpp3Reader.read(MavenXpp3Reader.java:654)
	at org.apache.maven.model.io.DefaultModelReader.read(DefaultModelReader.java:93)
	... 26 common frames omitted
2024-07-26 16:46:55,031 [Worker-22: reload maven project] WARN  o.e.m.c.i.embedder.EclipseLogger - The POM for Selenium_Introduction:SeleniumIntro:jar:0.0.1-SNAPSHOT is missing, no dependency information available
2024-07-26 16:46:55,051 [Worker-22: reload maven project] WARN  o.e.m.c.i.embedder.EclipseLogger - The artifact org.apache.commons:commons-io:jar:1.3.2 has been relocated to commons-io:commons-io:jar:1.3.2: https://issues.sonatype.org/browse/MVNCENTRAL-244
2024-07-26 16:46:55,268 [Worker-23: Building] INFO  o.e.m.c.i.l.LifecycleMappingFactory - Using org.eclipse.m2e.jdt.JarLifecycleMapping lifecycle mapping for MavenProject: ECMS:NewECMS:0.0.1-SNAPSHOT @ C:\Users\Ranu Tiwari\ankitacode\pom.xml.
2024-07-26 16:46:55,366 [Worker-23: Building] WARN  o.e.m.c.i.embedder.EclipseLogger - The POM for Selenium_Introduction:SeleniumIntro:jar:0.0.1-SNAPSHOT is missing, no dependency information available
2024-07-26 16:46:55,382 [Worker-23: Building] WARN  o.e.m.c.i.embedder.EclipseLogger - The artifact org.apache.commons:commons-io:jar:1.3.2 has been relocated to commons-io:commons-io:jar:1.3.2: https://issues.sonatype.org/browse/MVNCENTRAL-244
2024-07-26 16:46:55,650 [Worker-23: Building] INFO  o.e.m.c.i.embedder.EclipseLogger - Using 'UTF-8' encoding to copy filtered resources.
2024-07-26 16:46:55,650 [Worker-23: Building] INFO  o.e.m.c.i.embedder.EclipseLogger - skip non existing resourceDirectory C:\Users\Ranu Tiwari\ankitacode\src\main\resources
2024-07-26 16:46:55,653 [Worker-23: Building] INFO  o.e.m.c.i.embedder.EclipseLogger - Using 'UTF-8' encoding to copy filtered resources.
2024-07-26 16:46:55,653 [Worker-23: Building] INFO  o.e.m.c.i.embedder.EclipseLogger - skip non existing resourceDirectory C:\Users\Ranu Tiwari\ankitacode\src\test\resources
2024-07-26 16:47:32,189 [Worker-25: Building] INFO  o.e.m.c.i.l.LifecycleMappingFactory - Using org.eclipse.m2e.jdt.JarLifecycleMapping lifecycle mapping for MavenProject: ECMS:NewECMS:0.0.1-SNAPSHOT @ C:\Users\Ranu Tiwari\ankitacode\pom.xml.
2024-07-26 16:47:32,275 [Worker-25: Building] WARN  o.e.m.c.i.embedder.EclipseLogger - The artifact org.apache.commons:commons-io:jar:1.3.2 has been relocated to commons-io:commons-io:jar:1.3.2: https://issues.sonatype.org/browse/MVNCENTRAL-244
2024-07-26 16:47:32,442 [Worker-25: Building] INFO  o.e.m.c.i.embedder.EclipseLogger - Using 'UTF-8' encoding to copy filtered resources.
2024-07-26 16:47:32,443 [Worker-25: Building] INFO  o.e.m.c.i.embedder.EclipseLogger - skip non existing resourceDirectory C:\Users\Ranu Tiwari\ankitacode\src\main\resources
2024-07-26 16:47:32,446 [Worker-25: Building] INFO  o.e.m.c.i.embedder.EclipseLogger - Using 'UTF-8' encoding to copy filtered resources.
2024-07-26 16:47:32,446 [Worker-25: Building] INFO  o.e.m.c.i.embedder.EclipseLogger - skip non existing resourceDirectory C:\Users\Ranu Tiwari\ankitacode\src\test\resources
2024-07-26 16:47:49,512 [Worker-25: Launching Executing clean in C__Users_Ranu Tiwari_ankitacode] INFO  o.eclipse.m2e.core.internal.Bundles - getClasspathEntries(Bundle=org.eclipse.m2e.maven.runtime_3.9.500.20231113-2345 [297])
2024-07-26 16:47:49,513 [Worker-25: Launching Executing clean in C__Users_Ranu Tiwari_ankitacode] INFO  o.eclipse.m2e.core.internal.Bundles - 	Entry: C:\Users\Ranu Tiwari\.p2\pool\plugins\org.eclipse.m2e.maven.runtime_3.9.500.20231113-2345
2024-07-26 16:47:49,513 [Worker-25: Launching Executing clean in C__Users_Ranu Tiwari_ankitacode] INFO  o.eclipse.m2e.core.internal.Bundles - 	Entry: C:\Users\Ranu Tiwari\.p2\pool\plugins\org.eclipse.m2e.maven.runtime_3.9.500.20231113-2345\jars\aopalliance-1.0.jar
2024-07-26 16:47:49,513 [Worker-25: Launching Executing clean in C__Users_Ranu Tiwari_ankitacode] INFO  o.eclipse.m2e.core.internal.Bundles - 	Entry: C:\Users\Ranu Tiwari\.p2\pool\plugins\org.eclipse.m2e.maven.runtime_3.9.500.20231113-2345\jars\guice-5.1.0.jar
2024-07-26 16:47:49,513 [Worker-25: Launching Executing clean in C__Users_Ranu Tiwari_ankitacode] INFO  o.eclipse.m2e.core.internal.Bundles - 	Entry: C:\Users\Ranu Tiwari\.p2\pool\plugins\org.eclipse.m2e.maven.runtime_3.9.500.20231113-2345\jars\httpclient-4.5.14.jar
2024-07-26 16:47:49,513 [Worker-25: Launching Executing clean in C__Users_Ranu Tiwari_ankitacode] INFO  o.eclipse.m2e.core.internal.Bundles - 	Entry: C:\Users\Ranu Tiwari\.p2\pool\plugins\org.eclipse.m2e.maven.runtime_3.9.500.20231113-2345\jars\httpcore-4.4.16.jar
2024-07-26 16:47:49,513 [Worker-25: Launching Executing clean in C__Users_Ranu Tiwari_ankitacode] INFO  o.eclipse.m2e.core.internal.Bundles - 	Entry: C:\Users\Ranu Tiwari\.p2\pool\plugins\org.eclipse.m2e.maven.runtime_3.9.500.20231113-2345\jars\jansi-2.4.0.jar
2024-07-26 16:47:49,514 [Worker-25: Launching Executing clean in C__Users_Ranu Tiwari_ankitacode] INFO  o.eclipse.m2e.core.internal.Bundles - 	Entry: C:\Users\Ranu Tiwari\.p2\pool\plugins\org.eclipse.m2e.maven.runtime_3.9.500.20231113-2345\jars\jcl-over-slf4j-1.7.36.jar
2024-07-26 16:47:49,514 [Worker-25: Launching Executing clean in C__Users_Ranu Tiwari_ankitacode] INFO  o.eclipse.m2e.core.internal.Bundles - 	Entry: C:\Users\Ranu Tiwari\.p2\pool\plugins\org.eclipse.m2e.maven.runtime_3.9.500.20231113-2345\jars\maven-artifact-3.9.5.jar
2024-07-26 16:47:49,514 [Worker-25: Launching Executing clean in C__Users_Ranu Tiwari_ankitacode] INFO  o.eclipse.m2e.core.internal.Bundles - 	Entry: C:\Users\Ranu Tiwari\.p2\pool\plugins\org.eclipse.m2e.maven.runtime_3.9.500.20231113-2345\jars\maven-builder-support-3.9.5.jar
2024-07-26 16:47:49,514 [Worker-25: Launching Executing clean in C__Users_Ranu Tiwari_ankitacode] INFO  o.eclipse.m2e.core.internal.Bundles - 	Entry: C:\Users\Ranu Tiwari\.p2\pool\plugins\org.eclipse.m2e.maven.runtime_3.9.500.20231113-2345\jars\maven-compat-3.9.5.jar
2024-07-26 16:47:49,514 [Worker-25: Launching Executing clean in C__Users_Ranu Tiwari_ankitacode] INFO  o.eclipse.m2e.core.internal.Bundles - 	Entry: C:\Users\Ranu Tiwari\.p2\pool\plugins\org.eclipse.m2e.maven.runtime_3.9.500.20231113-2345\jars\maven-core-3.9.5.jar
2024-07-26 16:47:49,514 [Worker-25: Launching Executing clean in C__Users_Ranu Tiwari_ankitacode] INFO  o.eclipse.m2e.core.internal.Bundles - 	Entry: C:\Users\Ranu Tiwari\.p2\pool\plugins\org.eclipse.m2e.maven.runtime_3.9.500.20231113-2345\jars\maven-embedder-3.9.5.jar
2024-07-26 16:47:49,514 [Worker-25: Launching Executing clean in C__Users_Ranu Tiwari_ankitacode] INFO  o.eclipse.m2e.core.internal.Bundles - 	Entry: C:\Users\Ranu Tiwari\.p2\pool\plugins\org.eclipse.m2e.maven.runtime_3.9.500.20231113-2345\jars\maven-model-3.9.5.jar
2024-07-26 16:47:49,514 [Worker-25: Launching Executing clean in C__Users_Ranu Tiwari_ankitacode] INFO  o.eclipse.m2e.core.internal.Bundles - 	Entry: C:\Users\Ranu Tiwari\.p2\pool\plugins\org.eclipse.m2e.maven.runtime_3.9.500.20231113-2345\jars\maven-model-builder-3.9.5.jar
2024-07-26 16:47:49,514 [Worker-25: Launching Executing clean in C__Users_Ranu Tiwari_ankitacode] INFO  o.eclipse.m2e.core.internal.Bundles - 	Entry: C:\Users\Ranu Tiwari\.p2\pool\plugins\org.eclipse.m2e.maven.runtime_3.9.500.20231113-2345\jars\maven-plugin-api-3.9.5.jar
2024-07-26 16:47:49,515 [Worker-25: Launching Executing clean in C__Users_Ranu Tiwari_ankitacode] INFO  o.eclipse.m2e.core.internal.Bundles - 	Entry: C:\Users\Ranu Tiwari\.p2\pool\plugins\org.eclipse.m2e.maven.runtime_3.9.500.20231113-2345\jars\maven-repository-metadata-3.9.5.jar
2024-07-26 16:47:49,515 [Worker-25: Launching Executing clean in C__Users_Ranu Tiwari_ankitacode] INFO  o.eclipse.m2e.core.internal.Bundles - 	Entry: C:\Users\Ranu Tiwari\.p2\pool\plugins\org.eclipse.m2e.maven.runtime_3.9.500.20231113-2345\jars\maven-resolver-api-1.9.16.jar
2024-07-26 16:47:49,515 [Worker-25: Launching Executing clean in C__Users_Ranu Tiwari_ankitacode] INFO  o.eclipse.m2e.core.internal.Bundles - 	Entry: C:\Users\Ranu Tiwari\.p2\pool\plugins\org.eclipse.m2e.maven.runtime_3.9.500.20231113-2345\jars\maven-resolver-connector-basic-1.9.16.jar
2024-07-26 16:47:49,515 [Worker-25: Launching Executing clean in C__Users_Ranu Tiwari_ankitacode] INFO  o.eclipse.m2e.core.internal.Bundles - 	Entry: C:\Users\Ranu Tiwari\.p2\pool\plugins\org.eclipse.m2e.maven.runtime_3.9.500.20231113-2345\jars\maven-resolver-impl-1.9.16.jar
2024-07-26 16:47:49,515 [Worker-25: Launching Executing clean in C__Users_Ranu Tiwari_ankitacode] INFO  o.eclipse.m2e.core.internal.Bundles - 	Entry: C:\Users\Ranu Tiwari\.p2\pool\plugins\org.eclipse.m2e.maven.runtime_3.9.500.20231113-2345\jars\maven-resolver-named-locks-1.9.16.jar
2024-07-26 16:47:49,515 [Worker-25: Launching Executing clean in C__Users_Ranu Tiwari_ankitacode] INFO  o.eclipse.m2e.core.internal.Bundles - 	Entry: C:\Users\Ranu Tiwari\.p2\pool\plugins\org.eclipse.m2e.maven.runtime_3.9.500.20231113-2345\jars\maven-resolver-provider-3.9.5.jar
2024-07-26 16:47:49,515 [Worker-25: Launching Executing clean in C__Users_Ranu Tiwari_ankitacode] INFO  o.eclipse.m2e.core.internal.Bundles - 	Entry: C:\Users\Ranu Tiwari\.p2\pool\plugins\org.eclipse.m2e.maven.runtime_3.9.500.20231113-2345\jars\maven-resolver-spi-1.9.16.jar
2024-07-26 16:47:49,515 [Worker-25: Launching Executing clean in C__Users_Ranu Tiwari_ankitacode] INFO  o.eclipse.m2e.core.internal.Bundles - 	Entry: C:\Users\Ranu Tiwari\.p2\pool\plugins\org.eclipse.m2e.maven.runtime_3.9.500.20231113-2345\jars\maven-resolver-transport-file-1.9.16.jar
2024-07-26 16:47:49,515 [Worker-25: Launching Executing clean in C__Users_Ranu Tiwari_ankitacode] INFO  o.eclipse.m2e.core.internal.Bundles - 	Entry: C:\Users\Ranu Tiwari\.p2\pool\plugins\org.eclipse.m2e.maven.runtime_3.9.500.20231113-2345\jars\maven-resolver-transport-http-1.9.16.jar
2024-07-26 16:47:49,515 [Worker-25: Launching Executing clean in C__Users_Ranu Tiwari_ankitacode] INFO  o.eclipse.m2e.core.internal.Bundles - 	Entry: C:\Users\Ranu Tiwari\.p2\pool\plugins\org.eclipse.m2e.maven.runtime_3.9.500.20231113-2345\jars\maven-resolver-transport-wagon-1.9.16.jar
2024-07-26 16:47:49,515 [Worker-25: Launching Executing clean in C__Users_Ranu Tiwari_ankitacode] INFO  o.eclipse.m2e.core.internal.Bundles - 	Entry: C:\Users\Ranu Tiwari\.p2\pool\plugins\org.eclipse.m2e.maven.runtime_3.9.500.20231113-2345\jars\maven-resolver-util-1.9.16.jar
2024-07-26 16:47:49,516 [Worker-25: Launching Executing clean in C__Users_Ranu Tiwari_ankitacode] INFO  o.eclipse.m2e.core.internal.Bundles - 	Entry: C:\Users\Ranu Tiwari\.p2\pool\plugins\org.eclipse.m2e.maven.runtime_3.9.500.20231113-2345\jars\maven-settings-3.9.5.jar
2024-07-26 16:47:49,516 [Worker-25: Launching Executing clean in C__Users_Ranu Tiwari_ankitacode] INFO  o.eclipse.m2e.core.internal.Bundles - 	Entry: C:\Users\Ranu Tiwari\.p2\pool\plugins\org.eclipse.m2e.maven.runtime_3.9.500.20231113-2345\jars\maven-settings-builder-3.9.5.jar
2024-07-26 16:47:49,516 [Worker-25: Launching Executing clean in C__Users_Ranu Tiwari_ankitacode] INFO  o.eclipse.m2e.core.internal.Bundles - 	Entry: C:\Users\Ranu Tiwari\.p2\pool\plugins\org.eclipse.m2e.maven.runtime_3.9.500.20231113-2345\jars\maven-shared-utils-3.3.4.jar
2024-07-26 16:47:49,516 [Worker-25: Launching Executing clean in C__Users_Ranu Tiwari_ankitacode] INFO  o.eclipse.m2e.core.internal.Bundles - 	Entry: C:\Users\Ranu Tiwari\.p2\pool\plugins\org.eclipse.m2e.maven.runtime_3.9.500.20231113-2345\jars\org.eclipse.sisu.inject-0.3.5.jar
2024-07-26 16:47:49,516 [Worker-25: Launching Executing clean in C__Users_Ranu Tiwari_ankitacode] INFO  o.eclipse.m2e.core.internal.Bundles - 	Entry: C:\Users\Ranu Tiwari\.p2\pool\plugins\org.eclipse.m2e.maven.runtime_3.9.500.20231113-2345\jars\org.eclipse.sisu.plexus-0.3.5.jar
2024-07-26 16:47:49,516 [Worker-25: Launching Executing clean in C__Users_Ranu Tiwari_ankitacode] INFO  o.eclipse.m2e.core.internal.Bundles - 	Entry: C:\Users\Ranu Tiwari\.p2\pool\plugins\org.eclipse.m2e.maven.runtime_3.9.500.20231113-2345\jars\plexus-build-api-0.0.7.jar
2024-07-26 16:47:49,516 [Worker-25: Launching Executing clean in C__Users_Ranu Tiwari_ankitacode] INFO  o.eclipse.m2e.core.internal.Bundles - 	Entry: C:\Users\Ranu Tiwari\.p2\pool\plugins\org.eclipse.m2e.maven.runtime_3.9.500.20231113-2345\jars\plexus-cipher-2.0.jar
2024-07-26 16:47:49,516 [Worker-25: Launching Executing clean in C__Users_Ranu Tiwari_ankitacode] INFO  o.eclipse.m2e.core.internal.Bundles - 	Entry: C:\Users\Ranu Tiwari\.p2\pool\plugins\org.eclipse.m2e.maven.runtime_3.9.500.20231113-2345\jars\plexus-classworlds-2.7.0.jar
2024-07-26 16:47:49,516 [Worker-25: Launching Executing clean in C__Users_Ranu Tiwari_ankitacode] INFO  o.eclipse.m2e.core.internal.Bundles - 	Entry: C:\Users\Ranu Tiwari\.p2\pool\plugins\org.eclipse.m2e.maven.runtime_3.9.500.20231113-2345\jars\plexus-component-annotations-2.1.0.jar
2024-07-26 16:47:49,516 [Worker-25: Launching Executing clean in C__Users_Ranu Tiwari_ankitacode] INFO  o.eclipse.m2e.core.internal.Bundles - 	Entry: C:\Users\Ranu Tiwari\.p2\pool\plugins\org.eclipse.m2e.maven.runtime_3.9.500.20231113-2345\jars\plexus-interpolation-1.26.jar
2024-07-26 16:47:49,516 [Worker-25: Launching Executing clean in C__Users_Ranu Tiwari_ankitacode] INFO  o.eclipse.m2e.core.internal.Bundles - 	Entry: C:\Users\Ranu Tiwari\.p2\pool\plugins\org.eclipse.m2e.maven.runtime_3.9.500.20231113-2345\jars\plexus-sec-dispatcher-2.0.jar
2024-07-26 16:47:49,516 [Worker-25: Launching Executing clean in C__Users_Ranu Tiwari_ankitacode] INFO  o.eclipse.m2e.core.internal.Bundles - 	Entry: C:\Users\Ranu Tiwari\.p2\pool\plugins\org.eclipse.m2e.maven.runtime_3.9.500.20231113-2345\jars\plexus-utils-3.5.1.jar
2024-07-26 16:47:49,517 [Worker-25: Launching Executing clean in C__Users_Ranu Tiwari_ankitacode] INFO  o.eclipse.m2e.core.internal.Bundles - 	Entry: C:\Users\Ranu Tiwari\.p2\pool\plugins\org.eclipse.m2e.maven.runtime_3.9.500.20231113-2345\jars\wagon-file-3.5.3.jar
2024-07-26 16:47:49,517 [Worker-25: Launching Executing clean in C__Users_Ranu Tiwari_ankitacode] INFO  o.eclipse.m2e.core.internal.Bundles - 	Entry: C:\Users\Ranu Tiwari\.p2\pool\plugins\org.eclipse.m2e.maven.runtime_3.9.500.20231113-2345\jars\wagon-http-3.5.3.jar
2024-07-26 16:47:49,517 [Worker-25: Launching Executing clean in C__Users_Ranu Tiwari_ankitacode] INFO  o.eclipse.m2e.core.internal.Bundles - 	Entry: C:\Users\Ranu Tiwari\.p2\pool\plugins\org.eclipse.m2e.maven.runtime_3.9.500.20231113-2345\jars\wagon-http-shared-3.5.3.jar
2024-07-26 16:47:49,517 [Worker-25: Launching Executing clean in C__Users_Ranu Tiwari_ankitacode] INFO  o.eclipse.m2e.core.internal.Bundles - 	Entry: C:\Users\Ranu Tiwari\.p2\pool\plugins\org.eclipse.m2e.maven.runtime_3.9.500.20231113-2345\jars\wagon-provider-api-3.5.3.jar
2024-07-26 16:47:49,517 [Worker-25: Launching Executing clean in C__Users_Ranu Tiwari_ankitacode] INFO  o.eclipse.m2e.core.internal.Bundles - getClasspathEntries(Bundle=com.google.guava_32.1.3.jre [10])
2024-07-26 16:47:49,517 [Worker-25: Launching Executing clean in C__Users_Ranu Tiwari_ankitacode] INFO  o.eclipse.m2e.core.internal.Bundles - 	Entry: C:\Users\Ranu Tiwari\.p2\pool\plugins\com.google.guava_32.1.3.jre.jar
2024-07-26 16:47:49,517 [Worker-25: Launching Executing clean in C__Users_Ranu Tiwari_ankitacode] INFO  o.eclipse.m2e.core.internal.Bundles - getClasspathEntries(Bundle=slf4j.api_2.0.13 [575])
2024-07-26 16:47:49,518 [Worker-25: Launching Executing clean in C__Users_Ranu Tiwari_ankitacode] INFO  o.eclipse.m2e.core.internal.Bundles - 	Entry: C:\Users\Ranu Tiwari\.p2\pool\plugins\slf4j.api_2.0.13.jar
2024-07-26 16:47:49,518 [Worker-25: Launching Executing clean in C__Users_Ranu Tiwari_ankitacode] INFO  o.eclipse.m2e.core.internal.Bundles - getClasspathEntries(Bundle=jakarta.inject.jakarta.inject-api_1.0.5 [22])
2024-07-26 16:47:49,519 [Worker-25: Launching Executing clean in C__Users_Ranu Tiwari_ankitacode] INFO  o.eclipse.m2e.core.internal.Bundles - 	Entry: C:\Users\Ranu Tiwari\.p2\pool\plugins\jakarta.inject.jakarta.inject-api_1.0.5.jar
2024-07-26 16:47:49,519 [Worker-25: Launching Executing clean in C__Users_Ranu Tiwari_ankitacode] INFO  o.eclipse.m2e.core.internal.Bundles - getClasspathEntries(Bundle=javax.annotation_1.3.5.v20200909-1856 [545])
2024-07-26 16:47:49,519 [Worker-25: Launching Executing clean in C__Users_Ranu Tiwari_ankitacode] INFO  o.eclipse.m2e.core.internal.Bundles - 	Entry: C:\Users\Ranu Tiwari\.p2\pool\plugins\javax.annotation_1.3.5.v20200909-1856.jar
2024-07-26 16:47:49,519 [Worker-25: Launching Executing clean in C__Users_Ranu Tiwari_ankitacode] INFO  o.eclipse.m2e.core.internal.Bundles - getClasspathEntries(Bundle=org.apache.commons.cli_1.6.0 [46])
2024-07-26 16:47:49,519 [Worker-25: Launching Executing clean in C__Users_Ranu Tiwari_ankitacode] INFO  o.eclipse.m2e.core.internal.Bundles - 	Entry: C:\Users\Ranu Tiwari\.p2\pool\plugins\org.apache.commons.cli_1.6.0.jar
2024-07-26 16:47:49,519 [Worker-25: Launching Executing clean in C__Users_Ranu Tiwari_ankitacode] INFO  o.eclipse.m2e.core.internal.Bundles - getClasspathEntries(Bundle=org.apache.commons.commons-codec_1.16.0 [48])
2024-07-26 16:47:49,519 [Worker-25: Launching Executing clean in C__Users_Ranu Tiwari_ankitacode] INFO  o.eclipse.m2e.core.internal.Bundles - 	Entry: C:\Users\Ranu Tiwari\.p2\pool\plugins\org.apache.commons.commons-codec_1.16.0.jar
2024-07-26 16:47:49,519 [Worker-25: Launching Executing clean in C__Users_Ranu Tiwari_ankitacode] INFO  o.eclipse.m2e.core.internal.Bundles - getClasspathEntries(Bundle=org.apache.commons.lang3_3.13.0 [53])
2024-07-26 16:47:49,519 [Worker-25: Launching Executing clean in C__Users_Ranu Tiwari_ankitacode] INFO  o.eclipse.m2e.core.internal.Bundles - 	Entry: C:\Users\Ranu Tiwari\.p2\pool\plugins\org.apache.commons.lang3_3.13.0.jar
2024-07-26 16:47:49,519 [Worker-25: Launching Executing clean in C__Users_Ranu Tiwari_ankitacode] INFO  o.eclipse.m2e.core.internal.Bundles - getClasspathEntries(Bundle=com.google.guava.failureaccess_1.0.2 [11])
2024-07-26 16:47:49,519 [Worker-25: Launching Executing clean in C__Users_Ranu Tiwari_ankitacode] INFO  o.eclipse.m2e.core.internal.Bundles - 	Entry: C:\Users\Ranu Tiwari\.p2\pool\plugins\com.google.guava.failureaccess_1.0.2.jar
2024-07-26 16:47:49,521 [Worker-25: Launching Executing clean in C__Users_Ranu Tiwari_ankitacode] INFO  o.e.m.i.launch.MavenLaunchDelegate - Run build in "C:\Users\Ranu Tiwari\ankitacode":
2024-07-26 16:47:49,521 [Worker-25: Launching Executing clean in C__Users_Ranu Tiwari_ankitacode] INFO  o.e.m.i.launch.MavenLaunchDelegate -  mvn  -B -Dstyle.color=always clean
2024-07-26 16:47:58,391 [main] INFO  o.e.m2e.actions.ExecutePomAction - Creating new launch configuration
2024-07-26 16:48:02,403 [Worker-14: Launching ankitacode (1)] INFO  o.eclipse.m2e.core.internal.Bundles - getClasspathEntries(Bundle=org.eclipse.m2e.maven.runtime_3.9.500.20231113-2345 [297])
2024-07-26 16:48:02,403 [Worker-14: Launching ankitacode (1)] INFO  o.eclipse.m2e.core.internal.Bundles - 	Entry: C:\Users\Ranu Tiwari\.p2\pool\plugins\org.eclipse.m2e.maven.runtime_3.9.500.20231113-2345
2024-07-26 16:48:02,403 [Worker-14: Launching ankitacode (1)] INFO  o.eclipse.m2e.core.internal.Bundles - 	Entry: C:\Users\Ranu Tiwari\.p2\pool\plugins\org.eclipse.m2e.maven.runtime_3.9.500.20231113-2345\jars\aopalliance-1.0.jar
2024-07-26 16:48:02,403 [Worker-14: Launching ankitacode (1)] INFO  o.eclipse.m2e.core.internal.Bundles - 	Entry: C:\Users\Ranu Tiwari\.p2\pool\plugins\org.eclipse.m2e.maven.runtime_3.9.500.20231113-2345\jars\guice-5.1.0.jar
2024-07-26 16:48:02,404 [Worker-14: Launching ankitacode (1)] INFO  o.eclipse.m2e.core.internal.Bundles - 	Entry: C:\Users\Ranu Tiwari\.p2\pool\plugins\org.eclipse.m2e.maven.runtime_3.9.500.20231113-2345\jars\httpclient-4.5.14.jar
2024-07-26 16:48:02,404 [Worker-14: Launching ankitacode (1)] INFO  o.eclipse.m2e.core.internal.Bundles - 	Entry: C:\Users\Ranu Tiwari\.p2\pool\plugins\org.eclipse.m2e.maven.runtime_3.9.500.20231113-2345\jars\httpcore-4.4.16.jar
2024-07-26 16:48:02,404 [Worker-14: Launching ankitacode (1)] INFO  o.eclipse.m2e.core.internal.Bundles - 	Entry: C:\Users\Ranu Tiwari\.p2\pool\plugins\org.eclipse.m2e.maven.runtime_3.9.500.20231113-2345\jars\jansi-2.4.0.jar
2024-07-26 16:48:02,404 [Worker-14: Launching ankitacode (1)] INFO  o.eclipse.m2e.core.internal.Bundles - 	Entry: C:\Users\Ranu Tiwari\.p2\pool\plugins\org.eclipse.m2e.maven.runtime_3.9.500.20231113-2345\jars\jcl-over-slf4j-1.7.36.jar
2024-07-26 16:48:02,404 [Worker-14: Launching ankitacode (1)] INFO  o.eclipse.m2e.core.internal.Bundles - 	Entry: C:\Users\Ranu Tiwari\.p2\pool\plugins\org.eclipse.m2e.maven.runtime_3.9.500.20231113-2345\jars\maven-artifact-3.9.5.jar
2024-07-26 16:48:02,404 [Worker-14: Launching ankitacode (1)] INFO  o.eclipse.m2e.core.internal.Bundles - 	Entry: C:\Users\Ranu Tiwari\.p2\pool\plugins\org.eclipse.m2e.maven.runtime_3.9.500.20231113-2345\jars\maven-builder-support-3.9.5.jar
2024-07-26 16:48:02,404 [Worker-14: Launching ankitacode (1)] INFO  o.eclipse.m2e.core.internal.Bundles - 	Entry: C:\Users\Ranu Tiwari\.p2\pool\plugins\org.eclipse.m2e.maven.runtime_3.9.500.20231113-2345\jars\maven-compat-3.9.5.jar
2024-07-26 16:48:02,404 [Worker-14: Launching ankitacode (1)] INFO  o.eclipse.m2e.core.internal.Bundles - 	Entry: C:\Users\Ranu Tiwari\.p2\pool\plugins\org.eclipse.m2e.maven.runtime_3.9.500.20231113-2345\jars\maven-core-3.9.5.jar
2024-07-26 16:48:02,404 [Worker-14: Launching ankitacode (1)] INFO  o.eclipse.m2e.core.internal.Bundles - 	Entry: C:\Users\Ranu Tiwari\.p2\pool\plugins\org.eclipse.m2e.maven.runtime_3.9.500.20231113-2345\jars\maven-embedder-3.9.5.jar
2024-07-26 16:48:02,404 [Worker-14: Launching ankitacode (1)] INFO  o.eclipse.m2e.core.internal.Bundles - 	Entry: C:\Users\Ranu Tiwari\.p2\pool\plugins\org.eclipse.m2e.maven.runtime_3.9.500.20231113-2345\jars\maven-model-3.9.5.jar
2024-07-26 16:48:02,404 [Worker-14: Launching ankitacode (1)] INFO  o.eclipse.m2e.core.internal.Bundles - 	Entry: C:\Users\Ranu Tiwari\.p2\pool\plugins\org.eclipse.m2e.maven.runtime_3.9.500.20231113-2345\jars\maven-model-builder-3.9.5.jar
2024-07-26 16:48:02,404 [Worker-14: Launching ankitacode (1)] INFO  o.eclipse.m2e.core.internal.Bundles - 	Entry: C:\Users\Ranu Tiwari\.p2\pool\plugins\org.eclipse.m2e.maven.runtime_3.9.500.20231113-2345\jars\maven-plugin-api-3.9.5.jar
2024-07-26 16:48:02,405 [Worker-14: Launching ankitacode (1)] INFO  o.eclipse.m2e.core.internal.Bundles - 	Entry: C:\Users\Ranu Tiwari\.p2\pool\plugins\org.eclipse.m2e.maven.runtime_3.9.500.20231113-2345\jars\maven-repository-metadata-3.9.5.jar
2024-07-26 16:48:02,405 [Worker-14: Launching ankitacode (1)] INFO  o.eclipse.m2e.core.internal.Bundles - 	Entry: C:\Users\Ranu Tiwari\.p2\pool\plugins\org.eclipse.m2e.maven.runtime_3.9.500.20231113-2345\jars\maven-resolver-api-1.9.16.jar
2024-07-26 16:48:02,405 [Worker-14: Launching ankitacode (1)] INFO  o.eclipse.m2e.core.internal.Bundles - 	Entry: C:\Users\Ranu Tiwari\.p2\pool\plugins\org.eclipse.m2e.maven.runtime_3.9.500.20231113-2345\jars\maven-resolver-connector-basic-1.9.16.jar
2024-07-26 16:48:02,405 [Worker-14: Launching ankitacode (1)] INFO  o.eclipse.m2e.core.internal.Bundles - 	Entry: C:\Users\Ranu Tiwari\.p2\pool\plugins\org.eclipse.m2e.maven.runtime_3.9.500.20231113-2345\jars\maven-resolver-impl-1.9.16.jar
2024-07-26 16:48:02,405 [Worker-14: Launching ankitacode (1)] INFO  o.eclipse.m2e.core.internal.Bundles - 	Entry: C:\Users\Ranu Tiwari\.p2\pool\plugins\org.eclipse.m2e.maven.runtime_3.9.500.20231113-2345\jars\maven-resolver-named-locks-1.9.16.jar
2024-07-26 16:48:02,405 [Worker-14: Launching ankitacode (1)] INFO  o.eclipse.m2e.core.internal.Bundles - 	Entry: C:\Users\Ranu Tiwari\.p2\pool\plugins\org.eclipse.m2e.maven.runtime_3.9.500.20231113-2345\jars\maven-resolver-provider-3.9.5.jar
2024-07-26 16:48:02,405 [Worker-14: Launching ankitacode (1)] INFO  o.eclipse.m2e.core.internal.Bundles - 	Entry: C:\Users\Ranu Tiwari\.p2\pool\plugins\org.eclipse.m2e.maven.runtime_3.9.500.20231113-2345\jars\maven-resolver-spi-1.9.16.jar
2024-07-26 16:48:02,406 [Worker-14: Launching ankitacode (1)] INFO  o.eclipse.m2e.core.internal.Bundles - 	Entry: C:\Users\Ranu Tiwari\.p2\pool\plugins\org.eclipse.m2e.maven.runtime_3.9.500.20231113-2345\jars\maven-resolver-transport-file-1.9.16.jar
2024-07-26 16:48:02,406 [Worker-14: Launching ankitacode (1)] INFO  o.eclipse.m2e.core.internal.Bundles - 	Entry: C:\Users\Ranu Tiwari\.p2\pool\plugins\org.eclipse.m2e.maven.runtime_3.9.500.20231113-2345\jars\maven-resolver-transport-http-1.9.16.jar
2024-07-26 16:48:02,406 [Worker-14: Launching ankitacode (1)] INFO  o.eclipse.m2e.core.internal.Bundles - 	Entry: C:\Users\Ranu Tiwari\.p2\pool\plugins\org.eclipse.m2e.maven.runtime_3.9.500.20231113-2345\jars\maven-resolver-transport-wagon-1.9.16.jar
2024-07-26 16:48:02,406 [Worker-14: Launching ankitacode (1)] INFO  o.eclipse.m2e.core.internal.Bundles - 	Entry: C:\Users\Ranu Tiwari\.p2\pool\plugins\org.eclipse.m2e.maven.runtime_3.9.500.20231113-2345\jars\maven-resolver-util-1.9.16.jar
2024-07-26 16:48:02,407 [Worker-14: Launching ankitacode (1)] INFO  o.eclipse.m2e.core.internal.Bundles - 	Entry: C:\Users\Ranu Tiwari\.p2\pool\plugins\org.eclipse.m2e.maven.runtime_3.9.500.20231113-2345\jars\maven-settings-3.9.5.jar
2024-07-26 16:48:02,407 [Worker-14: Launching ankitacode (1)] INFO  o.eclipse.m2e.core.internal.Bundles - 	Entry: C:\Users\Ranu Tiwari\.p2\pool\plugins\org.eclipse.m2e.maven.runtime_3.9.500.20231113-2345\jars\maven-settings-builder-3.9.5.jar
2024-07-26 16:48:02,407 [Worker-14: Launching ankitacode (1)] INFO  o.eclipse.m2e.core.internal.Bundles - 	Entry: C:\Users\Ranu Tiwari\.p2\pool\plugins\org.eclipse.m2e.maven.runtime_3.9.500.20231113-2345\jars\maven-shared-utils-3.3.4.jar
2024-07-26 16:48:02,407 [Worker-14: Launching ankitacode (1)] INFO  o.eclipse.m2e.core.internal.Bundles - 	Entry: C:\Users\Ranu Tiwari\.p2\pool\plugins\org.eclipse.m2e.maven.runtime_3.9.500.20231113-2345\jars\org.eclipse.sisu.inject-0.3.5.jar
2024-07-26 16:48:02,407 [Worker-14: Launching ankitacode (1)] INFO  o.eclipse.m2e.core.internal.Bundles - 	Entry: C:\Users\Ranu Tiwari\.p2\pool\plugins\org.eclipse.m2e.maven.runtime_3.9.500.20231113-2345\jars\org.eclipse.sisu.plexus-0.3.5.jar
2024-07-26 16:48:02,408 [Worker-14: Launching ankitacode (1)] INFO  o.eclipse.m2e.core.internal.Bundles - 	Entry: C:\Users\Ranu Tiwari\.p2\pool\plugins\org.eclipse.m2e.maven.runtime_3.9.500.20231113-2345\jars\plexus-build-api-0.0.7.jar
2024-07-26 16:48:02,408 [Worker-14: Launching ankitacode (1)] INFO  o.eclipse.m2e.core.internal.Bundles - 	Entry: C:\Users\Ranu Tiwari\.p2\pool\plugins\org.eclipse.m2e.maven.runtime_3.9.500.20231113-2345\jars\plexus-cipher-2.0.jar
2024-07-26 16:48:02,408 [Worker-14: Launching ankitacode (1)] INFO  o.eclipse.m2e.core.internal.Bundles - 	Entry: C:\Users\Ranu Tiwari\.p2\pool\plugins\org.eclipse.m2e.maven.runtime_3.9.500.20231113-2345\jars\plexus-classworlds-2.7.0.jar
2024-07-26 16:48:02,408 [Worker-14: Launching ankitacode (1)] INFO  o.eclipse.m2e.core.internal.Bundles - 	Entry: C:\Users\Ranu Tiwari\.p2\pool\plugins\org.eclipse.m2e.maven.runtime_3.9.500.20231113-2345\jars\plexus-component-annotations-2.1.0.jar
2024-07-26 16:48:02,409 [Worker-14: Launching ankitacode (1)] INFO  o.eclipse.m2e.core.internal.Bundles - 	Entry: C:\Users\Ranu Tiwari\.p2\pool\plugins\org.eclipse.m2e.maven.runtime_3.9.500.20231113-2345\jars\plexus-interpolation-1.26.jar
2024-07-26 16:48:02,409 [Worker-14: Launching ankitacode (1)] INFO  o.eclipse.m2e.core.internal.Bundles - 	Entry: C:\Users\Ranu Tiwari\.p2\pool\plugins\org.eclipse.m2e.maven.runtime_3.9.500.20231113-2345\jars\plexus-sec-dispatcher-2.0.jar
2024-07-26 16:48:02,409 [Worker-14: Launching ankitacode (1)] INFO  o.eclipse.m2e.core.internal.Bundles - 	Entry: C:\Users\Ranu Tiwari\.p2\pool\plugins\org.eclipse.m2e.maven.runtime_3.9.500.20231113-2345\jars\plexus-utils-3.5.1.jar
2024-07-26 16:48:02,409 [Worker-14: Launching ankitacode (1)] INFO  o.eclipse.m2e.core.internal.Bundles - 	Entry: C:\Users\Ranu Tiwari\.p2\pool\plugins\org.eclipse.m2e.maven.runtime_3.9.500.20231113-2345\jars\wagon-file-3.5.3.jar
2024-07-26 16:48:02,409 [Worker-14: Launching ankitacode (1)] INFO  o.eclipse.m2e.core.internal.Bundles - 	Entry: C:\Users\Ranu Tiwari\.p2\pool\plugins\org.eclipse.m2e.maven.runtime_3.9.500.20231113-2345\jars\wagon-http-3.5.3.jar
2024-07-26 16:48:02,409 [Worker-14: Launching ankitacode (1)] INFO  o.eclipse.m2e.core.internal.Bundles - 	Entry: C:\Users\Ranu Tiwari\.p2\pool\plugins\org.eclipse.m2e.maven.runtime_3.9.500.20231113-2345\jars\wagon-http-shared-3.5.3.jar
2024-07-26 16:48:02,410 [Worker-14: Launching ankitacode (1)] INFO  o.eclipse.m2e.core.internal.Bundles - 	Entry: C:\Users\Ranu Tiwari\.p2\pool\plugins\org.eclipse.m2e.maven.runtime_3.9.500.20231113-2345\jars\wagon-provider-api-3.5.3.jar
2024-07-26 16:48:02,410 [Worker-14: Launching ankitacode (1)] INFO  o.eclipse.m2e.core.internal.Bundles - getClasspathEntries(Bundle=com.google.guava_32.1.3.jre [10])
2024-07-26 16:48:02,410 [Worker-14: Launching ankitacode (1)] INFO  o.eclipse.m2e.core.internal.Bundles - 	Entry: C:\Users\Ranu Tiwari\.p2\pool\plugins\com.google.guava_32.1.3.jre.jar
2024-07-26 16:48:02,410 [Worker-14: Launching ankitacode (1)] INFO  o.eclipse.m2e.core.internal.Bundles - getClasspathEntries(Bundle=slf4j.api_2.0.13 [575])
2024-07-26 16:48:02,410 [Worker-14: Launching ankitacode (1)] INFO  o.eclipse.m2e.core.internal.Bundles - 	Entry: C:\Users\Ranu Tiwari\.p2\pool\plugins\slf4j.api_2.0.13.jar
2024-07-26 16:48:02,410 [Worker-14: Launching ankitacode (1)] INFO  o.eclipse.m2e.core.internal.Bundles - getClasspathEntries(Bundle=jakarta.inject.jakarta.inject-api_1.0.5 [22])
2024-07-26 16:48:02,411 [Worker-14: Launching ankitacode (1)] INFO  o.eclipse.m2e.core.internal.Bundles - 	Entry: C:\Users\Ranu Tiwari\.p2\pool\plugins\jakarta.inject.jakarta.inject-api_1.0.5.jar
2024-07-26 16:48:02,411 [Worker-14: Launching ankitacode (1)] INFO  o.eclipse.m2e.core.internal.Bundles - getClasspathEntries(Bundle=javax.annotation_1.3.5.v20200909-1856 [545])
2024-07-26 16:48:02,411 [Worker-14: Launching ankitacode (1)] INFO  o.eclipse.m2e.core.internal.Bundles - 	Entry: C:\Users\Ranu Tiwari\.p2\pool\plugins\javax.annotation_1.3.5.v20200909-1856.jar
2024-07-26 16:48:02,411 [Worker-14: Launching ankitacode (1)] INFO  o.eclipse.m2e.core.internal.Bundles - getClasspathEntries(Bundle=org.apache.commons.cli_1.6.0 [46])
2024-07-26 16:48:02,411 [Worker-14: Launching ankitacode (1)] INFO  o.eclipse.m2e.core.internal.Bundles - 	Entry: C:\Users\Ranu Tiwari\.p2\pool\plugins\org.apache.commons.cli_1.6.0.jar
2024-07-26 16:48:02,411 [Worker-14: Launching ankitacode (1)] INFO  o.eclipse.m2e.core.internal.Bundles - getClasspathEntries(Bundle=org.apache.commons.commons-codec_1.16.0 [48])
2024-07-26 16:48:02,412 [Worker-14: Launching ankitacode (1)] INFO  o.eclipse.m2e.core.internal.Bundles - 	Entry: C:\Users\Ranu Tiwari\.p2\pool\plugins\org.apache.commons.commons-codec_1.16.0.jar
2024-07-26 16:48:02,412 [Worker-14: Launching ankitacode (1)] INFO  o.eclipse.m2e.core.internal.Bundles - getClasspathEntries(Bundle=org.apache.commons.lang3_3.13.0 [53])
2024-07-26 16:48:02,412 [Worker-14: Launching ankitacode (1)] INFO  o.eclipse.m2e.core.internal.Bundles - 	Entry: C:\Users\Ranu Tiwari\.p2\pool\plugins\org.apache.commons.lang3_3.13.0.jar
2024-07-26 16:48:02,412 [Worker-14: Launching ankitacode (1)] INFO  o.eclipse.m2e.core.internal.Bundles - getClasspathEntries(Bundle=com.google.guava.failureaccess_1.0.2 [11])
2024-07-26 16:48:02,412 [Worker-14: Launching ankitacode (1)] INFO  o.eclipse.m2e.core.internal.Bundles - 	Entry: C:\Users\Ranu Tiwari\.p2\pool\plugins\com.google.guava.failureaccess_1.0.2.jar
2024-07-26 16:48:02,414 [Worker-14: Launching ankitacode (1)] INFO  o.e.m.i.launch.MavenLaunchDelegate - Run build in "C:\Users\Ranu Tiwari\ankitacode":
2024-07-26 16:48:02,414 [Worker-14: Launching ankitacode (1)] INFO  o.e.m.i.launch.MavenLaunchDelegate -  mvn  -B -Dstyle.color=always eclipse:eclipse
